<!DOCTYPE html>
<html>
  <head>
    <meta charset="utf-8"/>
    <title id="head-title">unit_tests.html</title>
      <style type="text/css">body {
  font-family: Helvetica, Arial, sans-serif;
  font-size: 12px;
  /* do not increase min-width as some may use split screens */
  min-width: 800px;
  color: #999;
}

h1 {
  font-size: 24px;
  color: black;
}

h2 {
  font-size: 16px;
  color: black;
}

p {
  color: black;
}

a {
  color: #999;
}

table {
  border-collapse: collapse;
}

/******************************
 * SUMMARY INFORMATION
 ******************************/
#environment td {
  padding: 5px;
  border: 1px solid #e6e6e6;
  vertical-align: top;
}
#environment tr:nth-child(odd) {
  background-color: #f6f6f6;
}
#environment ul {
  margin: 0;
  padding: 0 20px;
}

/******************************
 * TEST RESULT COLORS
 ******************************/
span.passed,
.passed .col-result {
  color: green;
}

span.skipped,
span.xfailed,
span.rerun,
.skipped .col-result,
.xfailed .col-result,
.rerun .col-result {
  color: orange;
}

span.error,
span.failed,
span.xpassed,
.error .col-result,
.failed .col-result,
.xpassed .col-result {
  color: red;
}

.col-links__extra {
  margin-right: 3px;
}

/******************************
 * RESULTS TABLE
 *
 * 1. Table Layout
 * 2. Extra
 * 3. Sorting items
 *
 ******************************/
/*------------------
 * 1. Table Layout
 *------------------*/
#results-table {
  border: 1px solid #e6e6e6;
  color: #999;
  font-size: 12px;
  width: 100%;
}
#results-table th,
#results-table td {
  padding: 5px;
  border: 1px solid #e6e6e6;
  text-align: left;
}
#results-table th {
  font-weight: bold;
}

/*------------------
 * 2. Extra
 *------------------*/
.logwrapper {
  max-height: 230px;
  overflow-y: scroll;
  background-color: #e6e6e6;
}
.logwrapper.expanded {
  max-height: none;
}
.logwrapper.expanded .logexpander:after {
  content: "collapse [-]";
}
.logwrapper .logexpander {
  z-index: 1;
  position: sticky;
  top: 10px;
  width: max-content;
  border: 1px solid;
  border-radius: 3px;
  padding: 5px 7px;
  margin: 10px 0 10px calc(100% - 80px);
  cursor: pointer;
  background-color: #e6e6e6;
}
.logwrapper .logexpander:after {
  content: "expand [+]";
}
.logwrapper .logexpander:hover {
  color: #000;
  border-color: #000;
}
.logwrapper .log {
  min-height: 40px;
  position: relative;
  top: -50px;
  height: calc(100% + 50px);
  border: 1px solid #e6e6e6;
  color: black;
  display: block;
  font-family: "Courier New", Courier, monospace;
  padding: 5px;
  padding-right: 80px;
  white-space: pre-wrap;
}

div.media {
  border: 1px solid #e6e6e6;
  float: right;
  height: 240px;
  margin: 0 5px;
  overflow: hidden;
  width: 320px;
}

.media-container {
  display: grid;
  grid-template-columns: 25px auto 25px;
  align-items: center;
  flex: 1 1;
  overflow: hidden;
  height: 200px;
}

.media-container--fullscreen {
  grid-template-columns: 0px auto 0px;
}

.media-container__nav--right,
.media-container__nav--left {
  text-align: center;
  cursor: pointer;
}

.media-container__viewport {
  cursor: pointer;
  text-align: center;
  height: inherit;
}
.media-container__viewport img,
.media-container__viewport video {
  object-fit: cover;
  width: 100%;
  max-height: 100%;
}

.media__name,
.media__counter {
  display: flex;
  flex-direction: row;
  justify-content: space-around;
  flex: 0 0 25px;
  align-items: center;
}

.collapsible td:not(.col-links) {
  cursor: pointer;
}
.collapsible td:not(.col-links):hover::after {
  color: #bbb;
  font-style: italic;
  cursor: pointer;
}

.col-result {
  width: 130px;
}
.col-result:hover::after {
  content: " (hide details)";
}

.col-result.collapsed:hover::after {
  content: " (show details)";
}

#environment-header h2:hover::after {
  content: " (hide details)";
  color: #bbb;
  font-style: italic;
  cursor: pointer;
  font-size: 12px;
}

#environment-header.collapsed h2:hover::after {
  content: " (show details)";
  color: #bbb;
  font-style: italic;
  cursor: pointer;
  font-size: 12px;
}

/*------------------
 * 3. Sorting items
 *------------------*/
.sortable {
  cursor: pointer;
}
.sortable.desc:after {
  content: " ";
  position: relative;
  left: 5px;
  bottom: -12.5px;
  border: 10px solid #4caf50;
  border-bottom: 0;
  border-left-color: transparent;
  border-right-color: transparent;
}
.sortable.asc:after {
  content: " ";
  position: relative;
  left: 5px;
  bottom: 12.5px;
  border: 10px solid #4caf50;
  border-top: 0;
  border-left-color: transparent;
  border-right-color: transparent;
}

.hidden, .summary__reload__button.hidden {
  display: none;
}

.summary__data {
  flex: 0 0 550px;
}
.summary__reload {
  flex: 1 1;
  display: flex;
  justify-content: center;
}
.summary__reload__button {
  flex: 0 0 300px;
  display: flex;
  color: white;
  font-weight: bold;
  background-color: #4caf50;
  text-align: center;
  justify-content: center;
  align-items: center;
  border-radius: 3px;
  cursor: pointer;
}
.summary__reload__button:hover {
  background-color: #46a049;
}
.summary__spacer {
  flex: 0 0 550px;
}

.controls {
  display: flex;
  justify-content: space-between;
}

.filters,
.collapse {
  display: flex;
  align-items: center;
}
.filters button,
.collapse button {
  color: #999;
  border: none;
  background: none;
  cursor: pointer;
  text-decoration: underline;
}
.filters button:hover,
.collapse button:hover {
  color: #ccc;
}

.filter__label {
  margin-right: 10px;
}

      </style>
    
  </head>
  <body>
    <h1 id="title">unit_tests.html</h1>
    <p>Report generated on 01-Nov-2025 at 12:28:39 by <a href="https://pypi.python.org/pypi/pytest-html">pytest-html</a>
        v4.1.1</p>
    <div id="environment-header">
      <h2>Environment</h2>
    </div>
    <table id="environment"></table>
    <!-- TEMPLATES -->
      <template id="template_environment_row">
      <tr>
        <td></td>
        <td></td>
      </tr>
    </template>
    <template id="template_results-table__body--empty">
      <tbody class="results-table-row">
        <tr id="not-found-message">
          <td colspan="4">No results found. Check the filters.</th>
        </tr>
    </template>
    <template id="template_results-table__tbody">
      <tbody class="results-table-row">
        <tr class="collapsible">
        </tr>
        <tr class="extras-row">
          <td class="extra" colspan="4">
            <div class="extraHTML"></div>
            <div class="media">
              <div class="media-container">
                  <div class="media-container__nav--left"><</div>
                  <div class="media-container__viewport">
                    <img src="" />
                    <video controls>
                      <source src="" type="video/mp4">
                    </video>
                  </div>
                  <div class="media-container__nav--right">></div>
                </div>
                <div class="media__name"></div>
                <div class="media__counter"></div>
            </div>
            <div class="logwrapper">
              <div class="logexpander"></div>
              <div class="log"></div>
            </div>
          </td>
        </tr>
      </tbody>
    </template>
    <!-- END TEMPLATES -->
    <div class="summary">
      <div class="summary__data">
        <h2>Summary</h2>
        <div class="additional-summary prefix">
        </div>
        <p class="run-count">29 tests took 00:00:40.</p>
        <p class="filter">(Un)check the boxes to filter the results.</p>
        <div class="summary__reload">
          <div class="summary__reload__button hidden" onclick="location.reload()">
            <div>There are still tests running. <br />Reload this page to get the latest results!</div>
          </div>
        </div>
        <div class="summary__spacer"></div>
        <div class="controls">
          <div class="filters">
            <input checked="true" class="filter" name="filter_checkbox" type="checkbox" data-test-result="failed" />
            <span class="failed">18 Failed,</span>
            <input checked="true" class="filter" name="filter_checkbox" type="checkbox" data-test-result="passed" />
            <span class="passed">11 Passed,</span>
            <input checked="true" class="filter" name="filter_checkbox" type="checkbox" data-test-result="skipped" disabled/>
            <span class="skipped">0 Skipped,</span>
            <input checked="true" class="filter" name="filter_checkbox" type="checkbox" data-test-result="xfailed" disabled/>
            <span class="xfailed">0 Expected failures,</span>
            <input checked="true" class="filter" name="filter_checkbox" type="checkbox" data-test-result="xpassed" disabled/>
            <span class="xpassed">0 Unexpected passes,</span>
            <input checked="true" class="filter" name="filter_checkbox" type="checkbox" data-test-result="error" disabled/>
            <span class="error">0 Errors,</span>
            <input checked="true" class="filter" name="filter_checkbox" type="checkbox" data-test-result="rerun" disabled/>
            <span class="rerun">0 Reruns</span>
          </div>
          <div class="collapse">
            <button id="show_all_details">Show all details</button>&nbsp;/&nbsp;<button id="hide_all_details">Hide all details</button>
          </div>
        </div>
      </div>
      <div class="additional-summary summary">
      </div>
      <div class="additional-summary postfix">
      </div>
    </div>
    <table id="results-table">
      <thead id="results-table-head">
        <tr>
          <th class="sortable" data-column-type="result">Result</th>
          <th class="sortable" data-column-type="testId">Test</th>
          <th class="sortable" data-column-type="duration">Duration</th>
          <th>Links</th>
        </tr>
      </thead>
    </table>
  </body>
  <footer>
    <div id="data-container" data-jsonblob="{&#34;environment&#34;: {&#34;Python&#34;: &#34;3.11.7&#34;, &#34;Platform&#34;: &#34;Windows-10-10.0.26200-SP0&#34;, &#34;Packages&#34;: {&#34;pytest&#34;: &#34;7.4.3&#34;, &#34;pluggy&#34;: &#34;1.6.0&#34;}, &#34;Plugins&#34;: {&#34;anyio&#34;: &#34;3.7.1&#34;, &#34;dash&#34;: &#34;3.2.0&#34;, &#34;cov&#34;: &#34;7.0.0&#34;, &#34;html&#34;: &#34;4.1.1&#34;, &#34;json-report&#34;: &#34;1.5.0&#34;, &#34;metadata&#34;: &#34;3.1.1&#34;, &#34;xdist&#34;: &#34;3.8.0&#34;, &#34;web3&#34;: &#34;6.5.0&#34;}, &#34;JAVA_HOME&#34;: &#34;C:\\Program Files\\Java\\jdk-17.0.12&#34;}, &#34;tests&#34;: {&#34;test_arthen_comprehensive.py::TestARTHENCompilerArchitecture::test_ai_code_optimization&#34;: [{&#34;extras&#34;: [], &#34;result&#34;: &#34;Failed&#34;, &#34;testId&#34;: &#34;test_arthen_comprehensive.py::TestARTHENCompilerArchitecture::test_ai_code_optimization&#34;, &#34;duration&#34;: &#34;00:00:07&#34;, &#34;resultsTableRow&#34;: [&#34;&lt;td class=\&#34;col-result\&#34;&gt;Failed&lt;/td&gt;&#34;, &#34;&lt;td class=\&#34;col-testId\&#34;&gt;test_arthen_comprehensive.py::TestARTHENCompilerArchitecture::test_ai_code_optimization&lt;/td&gt;&#34;, &#34;&lt;td class=\&#34;col-duration\&#34;&gt;00:00:07&lt;/td&gt;&#34;, &#34;&lt;td class=\&#34;col-links\&#34;&gt;&lt;/td&gt;&#34;], &#34;log&#34;: &#34;self = &amp;lt;test_arthen_comprehensive.TestARTHENCompilerArchitecture testMethod=test_ai_code_optimization&amp;gt;\n\n    def test_ai_code_optimization(self):\n        &amp;quot;&amp;quot;&amp;quot;Test AI-driven code optimization&amp;quot;&amp;quot;&amp;quot;\n        optimizer = AICodeOptimizer()\n    \n        mock_ast = {\n            &amp;#x27;type&amp;#x27;: &amp;#x27;Program&amp;#x27;,\n            &amp;#x27;body&amp;#x27;: [{\n                &amp;#x27;type&amp;#x27;: &amp;#x27;Function&amp;#x27;,\n                &amp;#x27;name&amp;#x27;: &amp;#x27;test_function&amp;#x27;,\n                &amp;#x27;parameters&amp;#x27;: [],\n                &amp;#x27;body&amp;#x27;: []\n            }]\n        }\n    \n        optimized_ast = optimizer.optimize(mock_ast, BlockchainTarget.ETHEREUM)\n    \n        self.assertIsInstance(optimized_ast, dict)\n&amp;gt;       self.assertIn(&amp;#x27;optimization_metadata&amp;#x27;, optimized_ast)\nE       AssertionError: &amp;#x27;optimization_metadata&amp;#x27; not found in {&amp;#x27;type&amp;#x27;: &amp;#x27;Program&amp;#x27;, &amp;#x27;body&amp;#x27;: [{&amp;#x27;type&amp;#x27;: &amp;#x27;Function&amp;#x27;, &amp;#x27;name&amp;#x27;: &amp;#x27;test_function&amp;#x27;, &amp;#x27;parameters&amp;#x27;: [], &amp;#x27;body&amp;#x27;: []}]}\n\ntests\\test_arthen_comprehensive.py:164: AssertionError\n&#34;}], &#34;test_arthen_comprehensive.py::TestARTHENCompilerArchitecture::test_compilation_config&#34;: [{&#34;extras&#34;: [], &#34;result&#34;: &#34;Failed&#34;, &#34;testId&#34;: &#34;test_arthen_comprehensive.py::TestARTHENCompilerArchitecture::test_compilation_config&#34;, &#34;duration&#34;: &#34;00:00:03&#34;, &#34;resultsTableRow&#34;: [&#34;&lt;td class=\&#34;col-result\&#34;&gt;Failed&lt;/td&gt;&#34;, &#34;&lt;td class=\&#34;col-testId\&#34;&gt;test_arthen_comprehensive.py::TestARTHENCompilerArchitecture::test_compilation_config&lt;/td&gt;&#34;, &#34;&lt;td class=\&#34;col-duration\&#34;&gt;00:00:03&lt;/td&gt;&#34;, &#34;&lt;td class=\&#34;col-links\&#34;&gt;&lt;/td&gt;&#34;], &#34;log&#34;: &#34;self = &amp;lt;test_arthen_comprehensive.TestARTHENCompilerArchitecture testMethod=test_compilation_config&amp;gt;\n\n    def test_compilation_config(self):\n        &amp;quot;&amp;quot;&amp;quot;Test compilation configuration&amp;quot;&amp;quot;&amp;quot;\n&amp;gt;       config = CompilationConfig(\n            target_blockchain=BlockchainTarget.ETHEREUM,\n            optimization_level=&amp;quot;maximum&amp;quot;,\n            ai_enhancement=True,\n            security_analysis=True,\n            output_directory=&amp;quot;./output&amp;quot;\n        )\nE       TypeError: CompilationConfig.__init__() got an unexpected keyword argument &amp;#x27;output_directory&amp;#x27;\n\ntests\\test_arthen_comprehensive.py:82: TypeError\n&#34;}], &#34;test_arthen_comprehensive.py::TestARTHENCompilerArchitecture::test_compiler_initialization&#34;: [{&#34;extras&#34;: [], &#34;result&#34;: &#34;Passed&#34;, &#34;testId&#34;: &#34;test_arthen_comprehensive.py::TestARTHENCompilerArchitecture::test_compiler_initialization&#34;, &#34;duration&#34;: &#34;00:00:03&#34;, &#34;resultsTableRow&#34;: [&#34;&lt;td class=\&#34;col-result\&#34;&gt;Passed&lt;/td&gt;&#34;, &#34;&lt;td class=\&#34;col-testId\&#34;&gt;test_arthen_comprehensive.py::TestARTHENCompilerArchitecture::test_compiler_initialization&lt;/td&gt;&#34;, &#34;&lt;td class=\&#34;col-duration\&#34;&gt;00:00:03&lt;/td&gt;&#34;, &#34;&lt;td class=\&#34;col-links\&#34;&gt;&lt;/td&gt;&#34;], &#34;log&#34;: &#34;No log output captured.&#34;}], &#34;test_arthen_comprehensive.py::TestARTHENCompilerArchitecture::test_full_compilation_pipeline&#34;: [{&#34;extras&#34;: [], &#34;result&#34;: &#34;Failed&#34;, &#34;testId&#34;: &#34;test_arthen_comprehensive.py::TestARTHENCompilerArchitecture::test_full_compilation_pipeline&#34;, &#34;duration&#34;: &#34;00:00:02&#34;, &#34;resultsTableRow&#34;: [&#34;&lt;td class=\&#34;col-result\&#34;&gt;Failed&lt;/td&gt;&#34;, &#34;&lt;td class=\&#34;col-testId\&#34;&gt;test_arthen_comprehensive.py::TestARTHENCompilerArchitecture::test_full_compilation_pipeline&lt;/td&gt;&#34;, &#34;&lt;td class=\&#34;col-duration\&#34;&gt;00:00:02&lt;/td&gt;&#34;, &#34;&lt;td class=\&#34;col-links\&#34;&gt;&lt;/td&gt;&#34;], &#34;log&#34;: &#34;self = &amp;lt;test_arthen_comprehensive.TestARTHENCompilerArchitecture testMethod=test_full_compilation_pipeline&amp;gt;\n\n    def test_full_compilation_pipeline(self):\n        &amp;quot;&amp;quot;&amp;quot;Test complete compilation pipeline&amp;quot;&amp;quot;&amp;quot;\n&amp;gt;       config = CompilationConfig(\n            target=BlockchainTarget.ETHEREUM,\n            optimization_level=&amp;quot;maximum&amp;quot;,\n            ai_enhancement=True,\n            security_analysis=True\n        )\nE       TypeError: CompilationConfig.__init__() got an unexpected keyword argument &amp;#x27;target&amp;#x27;\n\ntests\\test_arthen_comprehensive.py:189: TypeError\n&#34;}], &#34;test_arthen_comprehensive.py::TestARTHENCompilerArchitecture::test_lexer_tokenization&#34;: [{&#34;extras&#34;: [], &#34;result&#34;: &#34;Failed&#34;, &#34;testId&#34;: &#34;test_arthen_comprehensive.py::TestARTHENCompilerArchitecture::test_lexer_tokenization&#34;, &#34;duration&#34;: &#34;00:00:03&#34;, &#34;resultsTableRow&#34;: [&#34;&lt;td class=\&#34;col-result\&#34;&gt;Failed&lt;/td&gt;&#34;, &#34;&lt;td class=\&#34;col-testId\&#34;&gt;test_arthen_comprehensive.py::TestARTHENCompilerArchitecture::test_lexer_tokenization&lt;/td&gt;&#34;, &#34;&lt;td class=\&#34;col-duration\&#34;&gt;00:00:03&lt;/td&gt;&#34;, &#34;&lt;td class=\&#34;col-links\&#34;&gt;&lt;/td&gt;&#34;], &#34;log&#34;: &#34;self = &amp;lt;test_arthen_comprehensive.TestARTHENCompilerArchitecture testMethod=test_lexer_tokenization&amp;gt;\n\n    def test_lexer_tokenization(self):\n        &amp;quot;&amp;quot;&amp;quot;Test AI-optimized lexer tokenization&amp;quot;&amp;quot;&amp;quot;\n        lexer = AIOptimizedLexer()\n        tokens = lexer.tokenize(self.sample_arthen_code)\n    \n        self.assertIsInstance(tokens, list)\n        self.assertGreater(len(tokens), 0)\n    \n        # Check for ARTHEN-specific tokens\n        token_types = [token.get(&amp;#x27;type&amp;#x27;) for token in tokens]\n&amp;gt;       self.assertIn(&amp;#x27;AI_SYMBOL&amp;#x27;, token_types)\nE       AssertionError: &amp;#x27;AI_SYMBOL&amp;#x27; not found in [&amp;#x27;DELTA_CONTRACT&amp;#x27;, &amp;#x27;ML_CONSENSUS&amp;#x27;, &amp;#x27;ML_CONSENSUS&amp;#x27;, &amp;#x27;ML_PRIMITIVE&amp;#x27;]\n\ntests\\test_arthen_comprehensive.py:105: AssertionError\n&#34;}], &#34;test_arthen_comprehensive.py::TestARTHENCompilerArchitecture::test_ml_security_analysis&#34;: [{&#34;extras&#34;: [], &#34;result&#34;: &#34;Passed&#34;, &#34;testId&#34;: &#34;test_arthen_comprehensive.py::TestARTHENCompilerArchitecture::test_ml_security_analysis&#34;, &#34;duration&#34;: &#34;00:00:02&#34;, &#34;resultsTableRow&#34;: [&#34;&lt;td class=\&#34;col-result\&#34;&gt;Passed&lt;/td&gt;&#34;, &#34;&lt;td class=\&#34;col-testId\&#34;&gt;test_arthen_comprehensive.py::TestARTHENCompilerArchitecture::test_ml_security_analysis&lt;/td&gt;&#34;, &#34;&lt;td class=\&#34;col-duration\&#34;&gt;00:00:02&lt;/td&gt;&#34;, &#34;&lt;td class=\&#34;col-links\&#34;&gt;&lt;/td&gt;&#34;], &#34;log&#34;: &#34;No log output captured.&#34;}], &#34;test_arthen_comprehensive.py::TestARTHENCompilerArchitecture::test_multi_target_code_generation&#34;: [{&#34;extras&#34;: [], &#34;result&#34;: &#34;Passed&#34;, &#34;testId&#34;: &#34;test_arthen_comprehensive.py::TestARTHENCompilerArchitecture::test_multi_target_code_generation&#34;, &#34;duration&#34;: &#34;00:00:02&#34;, &#34;resultsTableRow&#34;: [&#34;&lt;td class=\&#34;col-result\&#34;&gt;Passed&lt;/td&gt;&#34;, &#34;&lt;td class=\&#34;col-testId\&#34;&gt;test_arthen_comprehensive.py::TestARTHENCompilerArchitecture::test_multi_target_code_generation&lt;/td&gt;&#34;, &#34;&lt;td class=\&#34;col-duration\&#34;&gt;00:00:02&lt;/td&gt;&#34;, &#34;&lt;td class=\&#34;col-links\&#34;&gt;&lt;/td&gt;&#34;], &#34;log&#34;: &#34;No log output captured.&#34;}], &#34;test_arthen_comprehensive.py::TestARTHENCompilerArchitecture::test_parser_ast_generation&#34;: [{&#34;extras&#34;: [], &#34;result&#34;: &#34;Failed&#34;, &#34;testId&#34;: &#34;test_arthen_comprehensive.py::TestARTHENCompilerArchitecture::test_parser_ast_generation&#34;, &#34;duration&#34;: &#34;00:00:05&#34;, &#34;resultsTableRow&#34;: [&#34;&lt;td class=\&#34;col-result\&#34;&gt;Failed&lt;/td&gt;&#34;, &#34;&lt;td class=\&#34;col-testId\&#34;&gt;test_arthen_comprehensive.py::TestARTHENCompilerArchitecture::test_parser_ast_generation&lt;/td&gt;&#34;, &#34;&lt;td class=\&#34;col-duration\&#34;&gt;00:00:05&lt;/td&gt;&#34;, &#34;&lt;td class=\&#34;col-links\&#34;&gt;&lt;/td&gt;&#34;], &#34;log&#34;: &#34;self = &amp;lt;test_arthen_comprehensive.TestARTHENCompilerArchitecture testMethod=test_parser_ast_generation&amp;gt;\n\n    def test_parser_ast_generation(self):\n        &amp;quot;&amp;quot;&amp;quot;Test transformer-based parser AST generation&amp;quot;&amp;quot;&amp;quot;\n        parser = TransformerParser()\n        lexer = AIOptimizedLexer()\n    \n        tokens = lexer.tokenize(self.sample_arthen_code)\n        ast = parser.parse(tokens)\n    \n        self.assertIsInstance(ast, dict)\n        self.assertIn(&amp;#x27;type&amp;#x27;, ast)\n&amp;gt;       self.assertEqual(ast[&amp;#x27;type&amp;#x27;], &amp;#x27;Program&amp;#x27;)\nE       AssertionError: &amp;#x27;ARTHEN_PROGRAM&amp;#x27; != &amp;#x27;Program&amp;#x27;\nE       - ARTHEN_PROGRAM\nE       + Program\n\ntests\\test_arthen_comprehensive.py:118: AssertionError\n&#34;}], &#34;test_arthen_comprehensive.py::TestARTHENStandardLibrary::test_ai_fork_resolution&#34;: [{&#34;extras&#34;: [], &#34;result&#34;: &#34;Passed&#34;, &#34;testId&#34;: &#34;test_arthen_comprehensive.py::TestARTHENStandardLibrary::test_ai_fork_resolution&#34;, &#34;duration&#34;: &#34;5 ms&#34;, &#34;resultsTableRow&#34;: [&#34;&lt;td class=\&#34;col-result\&#34;&gt;Passed&lt;/td&gt;&#34;, &#34;&lt;td class=\&#34;col-testId\&#34;&gt;test_arthen_comprehensive.py::TestARTHENStandardLibrary::test_ai_fork_resolution&lt;/td&gt;&#34;, &#34;&lt;td class=\&#34;col-duration\&#34;&gt;5 ms&lt;/td&gt;&#34;, &#34;&lt;td class=\&#34;col-links\&#34;&gt;&lt;/td&gt;&#34;], &#34;log&#34;: &#34;No log output captured.&#34;}], &#34;test_arthen_comprehensive.py::TestARTHENStandardLibrary::test_ai_throughput_enhancement&#34;: [{&#34;extras&#34;: [], &#34;result&#34;: &#34;Failed&#34;, &#34;testId&#34;: &#34;test_arthen_comprehensive.py::TestARTHENStandardLibrary::test_ai_throughput_enhancement&#34;, &#34;duration&#34;: &#34;4 ms&#34;, &#34;resultsTableRow&#34;: [&#34;&lt;td class=\&#34;col-result\&#34;&gt;Failed&lt;/td&gt;&#34;, &#34;&lt;td class=\&#34;col-testId\&#34;&gt;test_arthen_comprehensive.py::TestARTHENStandardLibrary::test_ai_throughput_enhancement&lt;/td&gt;&#34;, &#34;&lt;td class=\&#34;col-duration\&#34;&gt;4 ms&lt;/td&gt;&#34;, &#34;&lt;td class=\&#34;col-links\&#34;&gt;&lt;/td&gt;&#34;], &#34;log&#34;: &#34;self = &amp;lt;test_arthen_comprehensive.TestARTHENStandardLibrary testMethod=test_ai_throughput_enhancement&amp;gt;\n\n    def test_ai_throughput_enhancement(self):\n        &amp;quot;&amp;quot;&amp;quot;Test AI-powered throughput enhancement&amp;quot;&amp;quot;&amp;quot;\n        network_metrics = {\n            &amp;#x27;current_throughput&amp;#x27;: 800,\n            &amp;#x27;target_throughput&amp;#x27;: 1500,\n            &amp;#x27;latency&amp;#x27;: 120,\n            &amp;#x27;load&amp;#x27;: 0.7\n        }\n    \n        result = self.stdlib.ai_throughput_enhancement(network_metrics)\n    \n        self.assertIsInstance(result, dict)\n&amp;gt;       self.assertIn(&amp;#x27;optimization_applied&amp;#x27;, result)\nE       AssertionError: &amp;#x27;optimization_applied&amp;#x27; not found in {&amp;#x27;current_throughput&amp;#x27;: 0, &amp;#x27;enhanced_throughput&amp;#x27;: 1450.0, &amp;#x27;improvement_percentage&amp;#x27;: 44.99999999999999, &amp;#x27;bottlenecks_resolved&amp;#x27;: 2, &amp;#x27;enhancement_applied&amp;#x27;: True, &amp;#x27;enhancement_confidence&amp;#x27;: 0.91}\n\ntests\\test_arthen_comprehensive.py:476: AssertionError\n&#34;}], &#34;test_arthen_comprehensive.py::TestARTHENStandardLibrary::test_consensus_harmony_all_types&#34;: [{&#34;extras&#34;: [], &#34;result&#34;: &#34;Passed&#34;, &#34;testId&#34;: &#34;test_arthen_comprehensive.py::TestARTHENStandardLibrary::test_consensus_harmony_all_types&#34;, &#34;duration&#34;: &#34;5 ms&#34;, &#34;resultsTableRow&#34;: [&#34;&lt;td class=\&#34;col-result\&#34;&gt;Passed&lt;/td&gt;&#34;, &#34;&lt;td class=\&#34;col-testId\&#34;&gt;test_arthen_comprehensive.py::TestARTHENStandardLibrary::test_consensus_harmony_all_types&lt;/td&gt;&#34;, &#34;&lt;td class=\&#34;col-duration\&#34;&gt;5 ms&lt;/td&gt;&#34;, &#34;&lt;td class=\&#34;col-links\&#34;&gt;&lt;/td&gt;&#34;], &#34;log&#34;: &#34;No log output captured.&#34;}], &#34;test_arthen_comprehensive.py::TestARTHENStandardLibrary::test_intelligent_bridge_routing&#34;: [{&#34;extras&#34;: [], &#34;result&#34;: &#34;Failed&#34;, &#34;testId&#34;: &#34;test_arthen_comprehensive.py::TestARTHENStandardLibrary::test_intelligent_bridge_routing&#34;, &#34;duration&#34;: &#34;4 ms&#34;, &#34;resultsTableRow&#34;: [&#34;&lt;td class=\&#34;col-result\&#34;&gt;Failed&lt;/td&gt;&#34;, &#34;&lt;td class=\&#34;col-testId\&#34;&gt;test_arthen_comprehensive.py::TestARTHENStandardLibrary::test_intelligent_bridge_routing&lt;/td&gt;&#34;, &#34;&lt;td class=\&#34;col-duration\&#34;&gt;4 ms&lt;/td&gt;&#34;, &#34;&lt;td class=\&#34;col-links\&#34;&gt;&lt;/td&gt;&#34;], &#34;log&#34;: &#34;self = &amp;lt;test_arthen_comprehensive.TestARTHENStandardLibrary testMethod=test_intelligent_bridge_routing&amp;gt;\n\n    def test_intelligent_bridge_routing(self):\n        &amp;quot;&amp;quot;&amp;quot;Test AI-powered cross-chain bridge routing&amp;quot;&amp;quot;&amp;quot;\n        result = self.stdlib.intelligent_bridge_routing(\n            BlockchainPlatform.ETHEREUM,\n            BlockchainPlatform.SOLANA,\n            100.0\n        )\n    \n        self.assertIsInstance(result, dict)\n&amp;gt;       self.assertIn(&amp;#x27;optimal_route&amp;#x27;, result)\nE       AssertionError: &amp;#x27;optimal_route&amp;#x27; not found in {&amp;#x27;source_chain&amp;#x27;: &amp;#x27;ethereum&amp;#x27;, &amp;#x27;destination_chain&amp;#x27;: &amp;#x27;solana&amp;#x27;, &amp;#x27;optimal_path&amp;#x27;: {&amp;#x27;source&amp;#x27;: &amp;#x27;ethereum&amp;#x27;, &amp;#x27;destination&amp;#x27;: &amp;#x27;solana&amp;#x27;, &amp;#x27;intermediate_chains&amp;#x27;: [&amp;#x27;cosmos&amp;#x27;], &amp;#x27;path_efficiency&amp;#x27;: 0.92, &amp;#x27;security_rating&amp;#x27;: 0.95}, &amp;#x27;estimated_fees&amp;#x27;: 0.001275, &amp;#x27;security_verified&amp;#x27;: True, &amp;#x27;routing_confidence&amp;#x27;: 0.94, &amp;#x27;estimated_time&amp;#x27;: 45.0}\n\ntests\\test_arthen_comprehensive.py:342: AssertionError\n&#34;}], &#34;test_arthen_comprehensive.py::TestARTHENStandardLibrary::test_intelligent_scaling&#34;: [{&#34;extras&#34;: [], &#34;result&#34;: &#34;Failed&#34;, &#34;testId&#34;: &#34;test_arthen_comprehensive.py::TestARTHENStandardLibrary::test_intelligent_scaling&#34;, &#34;duration&#34;: &#34;4 ms&#34;, &#34;resultsTableRow&#34;: [&#34;&lt;td class=\&#34;col-result\&#34;&gt;Failed&lt;/td&gt;&#34;, &#34;&lt;td class=\&#34;col-testId\&#34;&gt;test_arthen_comprehensive.py::TestARTHENStandardLibrary::test_intelligent_scaling&lt;/td&gt;&#34;, &#34;&lt;td class=\&#34;col-duration\&#34;&gt;4 ms&lt;/td&gt;&#34;, &#34;&lt;td class=\&#34;col-links\&#34;&gt;&lt;/td&gt;&#34;], &#34;log&#34;: &#34;self = &amp;lt;test_arthen_comprehensive.TestARTHENStandardLibrary testMethod=test_intelligent_scaling&amp;gt;\n\n    def test_intelligent_scaling(self):\n        &amp;quot;&amp;quot;&amp;quot;Test intelligent scaling based on demand prediction&amp;quot;&amp;quot;&amp;quot;\n        demand_metrics = {\n            &amp;#x27;current_demand&amp;#x27;: 75.0,\n            &amp;#x27;predicted_demand&amp;#x27;: 120.0,\n            &amp;#x27;capacity_utilization&amp;#x27;: 0.8,\n            &amp;#x27;response_time&amp;#x27;: 150.0\n        }\n    \n        result = self.stdlib.intelligent_scaling(demand_metrics)\n    \n        self.assertIsInstance(result, dict)\n&amp;gt;       self.assertIn(&amp;#x27;scaling_recommendation&amp;#x27;, result)\nE       AssertionError: &amp;#x27;scaling_recommendation&amp;#x27; not found in {&amp;#x27;current_demand&amp;#x27;: 0, &amp;#x27;predicted_demand&amp;#x27;: 60.0, &amp;#x27;scaling_factor&amp;#x27;: 1.0, &amp;#x27;scaling_executed&amp;#x27;: True, &amp;#x27;new_capacity&amp;#x27;: 100.0, &amp;#x27;scaling_confidence&amp;#x27;: 0.88}\n\ntests\\test_arthen_comprehensive.py:508: AssertionError\n&#34;}], &#34;test_arthen_comprehensive.py::TestARTHENStandardLibrary::test_library_initialization&#34;: [{&#34;extras&#34;: [], &#34;result&#34;: &#34;Passed&#34;, &#34;testId&#34;: &#34;test_arthen_comprehensive.py::TestARTHENStandardLibrary::test_library_initialization&#34;, &#34;duration&#34;: &#34;4 ms&#34;, &#34;resultsTableRow&#34;: [&#34;&lt;td class=\&#34;col-result\&#34;&gt;Passed&lt;/td&gt;&#34;, &#34;&lt;td class=\&#34;col-testId\&#34;&gt;test_arthen_comprehensive.py::TestARTHENStandardLibrary::test_library_initialization&lt;/td&gt;&#34;, &#34;&lt;td class=\&#34;col-duration\&#34;&gt;4 ms&lt;/td&gt;&#34;, &#34;&lt;td class=\&#34;col-links\&#34;&gt;&lt;/td&gt;&#34;], &#34;log&#34;: &#34;No log output captured.&#34;}], &#34;test_arthen_comprehensive.py::TestARTHENStandardLibrary::test_ml_validator_selection&#34;: [{&#34;extras&#34;: [], &#34;result&#34;: &#34;Passed&#34;, &#34;testId&#34;: &#34;test_arthen_comprehensive.py::TestARTHENStandardLibrary::test_ml_validator_selection&#34;, &#34;duration&#34;: &#34;4 ms&#34;, &#34;resultsTableRow&#34;: [&#34;&lt;td class=\&#34;col-result\&#34;&gt;Passed&lt;/td&gt;&#34;, &#34;&lt;td class=\&#34;col-testId\&#34;&gt;test_arthen_comprehensive.py::TestARTHENStandardLibrary::test_ml_validator_selection&lt;/td&gt;&#34;, &#34;&lt;td class=\&#34;col-duration\&#34;&gt;4 ms&lt;/td&gt;&#34;, &#34;&lt;td class=\&#34;col-links\&#34;&gt;&lt;/td&gt;&#34;], &#34;log&#34;: &#34;No log output captured.&#34;}], &#34;test_arthen_comprehensive.py::TestARTHENStandardLibrary::test_ml_vulnerability_detection&#34;: [{&#34;extras&#34;: [], &#34;result&#34;: &#34;Failed&#34;, &#34;testId&#34;: &#34;test_arthen_comprehensive.py::TestARTHENStandardLibrary::test_ml_vulnerability_detection&#34;, &#34;duration&#34;: &#34;4 ms&#34;, &#34;resultsTableRow&#34;: [&#34;&lt;td class=\&#34;col-result\&#34;&gt;Failed&lt;/td&gt;&#34;, &#34;&lt;td class=\&#34;col-testId\&#34;&gt;test_arthen_comprehensive.py::TestARTHENStandardLibrary::test_ml_vulnerability_detection&lt;/td&gt;&#34;, &#34;&lt;td class=\&#34;col-duration\&#34;&gt;4 ms&lt;/td&gt;&#34;, &#34;&lt;td class=\&#34;col-links\&#34;&gt;&lt;/td&gt;&#34;], &#34;log&#34;: &#34;self = &amp;lt;test_arthen_comprehensive.TestARTHENStandardLibrary testMethod=test_ml_vulnerability_detection&amp;gt;\n\n    def test_ml_vulnerability_detection(self):\n        &amp;quot;&amp;quot;&amp;quot;Test ML-powered vulnerability detection&amp;quot;&amp;quot;&amp;quot;\n        sample_contract = &amp;quot;&amp;quot;&amp;quot;\n        function transfer(address to, uint256 amount) public {\n            require(balances[msg.sender] &amp;gt;= amount);\n            balances[msg.sender] -= amount;\n            balances[to] += amount;\n        }\n        &amp;quot;&amp;quot;&amp;quot;\n    \n&amp;gt;       result = self.stdlib.ml_vulnerability_detection(sample_contract)\nE       TypeError: ARTHENCompleteStandardLibrary.ml_vulnerability_detection() missing 1 required positional argument: &amp;#x27;platform&amp;#x27;\n\ntests\\test_arthen_comprehensive.py:457: TypeError\n&#34;}], &#34;test_arthen_comprehensive.py::TestARTHENStandardLibrary::test_neural_load_balancing&#34;: [{&#34;extras&#34;: [], &#34;result&#34;: &#34;Failed&#34;, &#34;testId&#34;: &#34;test_arthen_comprehensive.py::TestARTHENStandardLibrary::test_neural_load_balancing&#34;, &#34;duration&#34;: &#34;3 ms&#34;, &#34;resultsTableRow&#34;: [&#34;&lt;td class=\&#34;col-result\&#34;&gt;Failed&lt;/td&gt;&#34;, &#34;&lt;td class=\&#34;col-testId\&#34;&gt;test_arthen_comprehensive.py::TestARTHENStandardLibrary::test_neural_load_balancing&lt;/td&gt;&#34;, &#34;&lt;td class=\&#34;col-duration\&#34;&gt;3 ms&lt;/td&gt;&#34;, &#34;&lt;td class=\&#34;col-links\&#34;&gt;&lt;/td&gt;&#34;], &#34;log&#34;: &#34;self = &amp;lt;test_arthen_comprehensive.TestARTHENStandardLibrary testMethod=test_neural_load_balancing&amp;gt;\n\n    def test_neural_load_balancing(self):\n        &amp;quot;&amp;quot;&amp;quot;Test neural network-based load balancing&amp;quot;&amp;quot;&amp;quot;\n        node_loads = {\n            &amp;#x27;node_1&amp;#x27;: 0.8,\n            &amp;#x27;node_2&amp;#x27;: 0.6,\n            &amp;#x27;node_3&amp;#x27;: 0.9,\n            &amp;#x27;node_4&amp;#x27;: 0.4\n        }\n    \n        result = self.stdlib.neural_load_balancing(node_loads)\n    \n        self.assertIsInstance(result, dict)\n&amp;gt;       self.assertIn(&amp;#x27;load_distribution&amp;#x27;, result)\nE       AssertionError: &amp;#x27;load_distribution&amp;#x27; not found in {&amp;#x27;nodes_balanced&amp;#x27;: 4, &amp;#x27;load_variance_before&amp;#x27;: 0.036875000000000005, &amp;#x27;load_variance_after&amp;#x27;: 0.02, &amp;#x27;balancing_improvement&amp;#x27;: 80.0, &amp;#x27;optimal_distribution&amp;#x27;: {&amp;#x27;node_1&amp;#x27;: 0.25, &amp;#x27;node_2&amp;#x27;: 0.25, &amp;#x27;node_3&amp;#x27;: 0.25, &amp;#x27;node_4&amp;#x27;: 0.25}, &amp;#x27;balancing_confidence&amp;#x27;: 0.94}\n\ntests\\test_arthen_comprehensive.py:492: AssertionError\n&#34;}], &#34;test_arthen_comprehensive.py::TestARTHENStandardLibrary::test_neural_network_consensus&#34;: [{&#34;extras&#34;: [], &#34;result&#34;: &#34;Failed&#34;, &#34;testId&#34;: &#34;test_arthen_comprehensive.py::TestARTHENStandardLibrary::test_neural_network_consensus&#34;, &#34;duration&#34;: &#34;4 ms&#34;, &#34;resultsTableRow&#34;: [&#34;&lt;td class=\&#34;col-result\&#34;&gt;Failed&lt;/td&gt;&#34;, &#34;&lt;td class=\&#34;col-testId\&#34;&gt;test_arthen_comprehensive.py::TestARTHENStandardLibrary::test_neural_network_consensus&lt;/td&gt;&#34;, &#34;&lt;td class=\&#34;col-duration\&#34;&gt;4 ms&lt;/td&gt;&#34;, &#34;&lt;td class=\&#34;col-links\&#34;&gt;&lt;/td&gt;&#34;], &#34;log&#34;: &#34;self = &amp;lt;test_arthen_comprehensive.TestARTHENStandardLibrary testMethod=test_neural_network_consensus&amp;gt;\n\n    def test_neural_network_consensus(self):\n        &amp;quot;&amp;quot;&amp;quot;Test neural network-based consensus&amp;quot;&amp;quot;&amp;quot;\n        # Create sample network data\n        network_data = np.random.rand(10, 5).astype(np.float32)\n    \n&amp;gt;       result = self.stdlib.neural_network_consensus(network_data)\n\ntests\\test_arthen_comprehensive.py:325: \n_ _ _ _ _ _ _ _ _ _ _ _ _ _ _ _ _ _ _ _ _ _ _ _ _ _ _ _ _ _ _ _ _ _ _ _ _ _ _ _\nstdlib\\arthen_stdlib_implementation.py:1597: in neural_network_consensus\n    consensus_output = self.ml_consensus.neural_analyzer(data_tensor.unsqueeze(0))\nC:\\Users\\l3unu\\AppData\\Local\\Programs\\Python\\Python311\\Lib\\site-packages\\torch\\nn\\modules\\module.py:1773: in _wrapped_call_impl\n    return self._call_impl(*args, **kwargs)\nC:\\Users\\l3unu\\AppData\\Local\\Programs\\Python\\Python311\\Lib\\site-packages\\torch\\nn\\modules\\module.py:1784: in _call_impl\n    return forward_call(*args, **kwargs)\nstdlib\\arthen_stdlib_implementation.py:244: in forward\n    return self.network(network_state)\nC:\\Users\\l3unu\\AppData\\Local\\Programs\\Python\\Python311\\Lib\\site-packages\\torch\\nn\\modules\\module.py:1773: in _wrapped_call_impl\n    return self._call_impl(*args, **kwargs)\nC:\\Users\\l3unu\\AppData\\Local\\Programs\\Python\\Python311\\Lib\\site-packages\\torch\\nn\\modules\\module.py:1784: in _call_impl\n    return forward_call(*args, **kwargs)\nC:\\Users\\l3unu\\AppData\\Local\\Programs\\Python\\Python311\\Lib\\site-packages\\torch\\nn\\modules\\container.py:244: in forward\n    input = module(input)\nC:\\Users\\l3unu\\AppData\\Local\\Programs\\Python\\Python311\\Lib\\site-packages\\torch\\nn\\modules\\module.py:1773: in _wrapped_call_impl\n    return self._call_impl(*args, **kwargs)\nC:\\Users\\l3unu\\AppData\\Local\\Programs\\Python\\Python311\\Lib\\site-packages\\torch\\nn\\modules\\module.py:1784: in _call_impl\n    return forward_call(*args, **kwargs)\n_ _ _ _ _ _ _ _ _ _ _ _ _ _ _ _ _ _ _ _ _ _ _ _ _ _ _ _ _ _ _ _ _ _ _ _ _ _ _ _\n\nself = Linear(in_features=7, out_features=128, bias=True)\ninput = tensor([[[0.9370, 0.1946, 0.0478, 0.7205, 0.7490],\n         [0.3263, 0.8091, 0.2198, 0.0257, 0.2402],\n         [0.2467....6641, 0.6383],\n         [0.4663, 0.5570, 0.2796, 0.5254, 0.9518],\n         [0.7081, 0.6245, 0.0062, 0.1083, 0.6074]]])\n\n    def forward(self, input: Tensor) -&amp;gt; Tensor:\n&amp;gt;       return F.linear(input, self.weight, self.bias)\nE       RuntimeError: mat1 and mat2 shapes cannot be multiplied (10x5 and 7x128)\n\nC:\\Users\\l3unu\\AppData\\Local\\Programs\\Python\\Python311\\Lib\\site-packages\\torch\\nn\\modules\\linear.py:125: RuntimeError\n&#34;}], &#34;test_arthen_comprehensive.py::TestARTHENStandardLibrary::test_stdlib_consensus_ai&#34;: [{&#34;extras&#34;: [], &#34;result&#34;: &#34;Failed&#34;, &#34;testId&#34;: &#34;test_arthen_comprehensive.py::TestARTHENStandardLibrary::test_stdlib_consensus_ai&#34;, &#34;duration&#34;: &#34;6 ms&#34;, &#34;resultsTableRow&#34;: [&#34;&lt;td class=\&#34;col-result\&#34;&gt;Failed&lt;/td&gt;&#34;, &#34;&lt;td class=\&#34;col-testId\&#34;&gt;test_arthen_comprehensive.py::TestARTHENStandardLibrary::test_stdlib_consensus_ai&lt;/td&gt;&#34;, &#34;&lt;td class=\&#34;col-duration\&#34;&gt;6 ms&lt;/td&gt;&#34;, &#34;&lt;td class=\&#34;col-links\&#34;&gt;&lt;/td&gt;&#34;], &#34;log&#34;: &#34;self = &amp;lt;test_arthen_comprehensive.TestARTHENStandardLibrary testMethod=test_stdlib_consensus_ai&amp;gt;\n\n    def test_stdlib_consensus_ai(self):\n        &amp;quot;&amp;quot;&amp;quot;Test standard library consensus AI functions&amp;quot;&amp;quot;&amp;quot;\n        # Test harmony_all_types function\n        network_state = NetworkState(\n            throughput=1000.0,\n            latency=50.0,\n            security_score=0.9,\n            decentralization_index=0.8,\n            node_count=1000,\n            transaction_volume=10000.0,\n            consensus_efficiency=0.85\n        )\n    \n        result = self.stdlib.harmony_all_types(network_state)\n        self.assertIsInstance(result, AIConfidence)\n        self.assertGreater(result.confidence, 0.0)\n        self.assertLessEqual(result.confidence, 1.0)\n    \n        # Test additional consensus AI functions\n        validators = [{&amp;#x27;id&amp;#x27;: &amp;#x27;validator_1&amp;#x27;, &amp;#x27;uptime&amp;#x27;: 0.99, &amp;#x27;stake&amp;#x27;: 1000000}]\n        selection_result = self.stdlib.ml_validator_selection(validators, {&amp;#x27;load&amp;#x27;: 0.5})\n        self.assertIsInstance(selection_result, dict)\n        self.assertIn(&amp;#x27;selected_validators&amp;#x27;, selection_result)\n    \n        # Test fork resolution\n        fork_data = {\n            &amp;#x27;block_height&amp;#x27;: 100000,\n            &amp;#x27;chains&amp;#x27;: [{&amp;#x27;id&amp;#x27;: &amp;#x27;chain_a&amp;#x27;, &amp;#x27;cumulative_difficulty&amp;#x27;: 1500000}],\n            &amp;#x27;stake_weights&amp;#x27;: {&amp;#x27;chain_a&amp;#x27;: 0.6},\n            &amp;#x27;node_support&amp;#x27;: {&amp;#x27;chain_a&amp;#x27;: 120}\n        }\n    \n        fork_result = self.stdlib.ai_fork_resolution(fork_data)\n        self.assertIsInstance(fork_result, dict)\n        self.assertIn(&amp;#x27;resolution_method&amp;#x27;, fork_result)\n    \n        # Test neural network consensus\n        consensus_data = np.random.rand(10, 5).astype(np.float32)\n&amp;gt;       neural_result = self.stdlib.neural_network_consensus(consensus_data)\n\ntests\\test_arthen_comprehensive.py:296: \n_ _ _ _ _ _ _ _ _ _ _ _ _ _ _ _ _ _ _ _ _ _ _ _ _ _ _ _ _ _ _ _ _ _ _ _ _ _ _ _\nstdlib\\arthen_stdlib_implementation.py:1597: in neural_network_consensus\n    consensus_output = self.ml_consensus.neural_analyzer(data_tensor.unsqueeze(0))\nC:\\Users\\l3unu\\AppData\\Local\\Programs\\Python\\Python311\\Lib\\site-packages\\torch\\nn\\modules\\module.py:1773: in _wrapped_call_impl\n    return self._call_impl(*args, **kwargs)\nC:\\Users\\l3unu\\AppData\\Local\\Programs\\Python\\Python311\\Lib\\site-packages\\torch\\nn\\modules\\module.py:1784: in _call_impl\n    return forward_call(*args, **kwargs)\nstdlib\\arthen_stdlib_implementation.py:244: in forward\n    return self.network(network_state)\nC:\\Users\\l3unu\\AppData\\Local\\Programs\\Python\\Python311\\Lib\\site-packages\\torch\\nn\\modules\\module.py:1773: in _wrapped_call_impl\n    return self._call_impl(*args, **kwargs)\nC:\\Users\\l3unu\\AppData\\Local\\Programs\\Python\\Python311\\Lib\\site-packages\\torch\\nn\\modules\\module.py:1784: in _call_impl\n    return forward_call(*args, **kwargs)\nC:\\Users\\l3unu\\AppData\\Local\\Programs\\Python\\Python311\\Lib\\site-packages\\torch\\nn\\modules\\container.py:244: in forward\n    input = module(input)\nC:\\Users\\l3unu\\AppData\\Local\\Programs\\Python\\Python311\\Lib\\site-packages\\torch\\nn\\modules\\module.py:1773: in _wrapped_call_impl\n    return self._call_impl(*args, **kwargs)\nC:\\Users\\l3unu\\AppData\\Local\\Programs\\Python\\Python311\\Lib\\site-packages\\torch\\nn\\modules\\module.py:1784: in _call_impl\n    return forward_call(*args, **kwargs)\n_ _ _ _ _ _ _ _ _ _ _ _ _ _ _ _ _ _ _ _ _ _ _ _ _ _ _ _ _ _ _ _ _ _ _ _ _ _ _ _\n\nself = Linear(in_features=7, out_features=128, bias=True)\ninput = tensor([[[0.9778, 0.8761, 0.2674, 0.9169, 0.7372],\n         [0.9324, 0.1312, 0.4581, 0.8363, 0.2201],\n         [0.7533....7684, 0.5182],\n         [0.2398, 0.0440, 0.0606, 0.8300, 0.2181],\n         [0.7128, 0.7207, 0.2167, 0.4634, 0.0029]]])\n\n    def forward(self, input: Tensor) -&amp;gt; Tensor:\n&amp;gt;       return F.linear(input, self.weight, self.bias)\nE       RuntimeError: mat1 and mat2 shapes cannot be multiplied (10x5 and 7x128)\n\nC:\\Users\\l3unu\\AppData\\Local\\Programs\\Python\\Python311\\Lib\\site-packages\\torch\\nn\\modules\\linear.py:125: RuntimeError\n&#34;}], &#34;test_arthen_comprehensive.py::TestARTHENStandardLibrary::test_stdlib_crosschain_ai&#34;: [{&#34;extras&#34;: [], &#34;result&#34;: &#34;Failed&#34;, &#34;testId&#34;: &#34;test_arthen_comprehensive.py::TestARTHENStandardLibrary::test_stdlib_crosschain_ai&#34;, &#34;duration&#34;: &#34;6 ms&#34;, &#34;resultsTableRow&#34;: [&#34;&lt;td class=\&#34;col-result\&#34;&gt;Failed&lt;/td&gt;&#34;, &#34;&lt;td class=\&#34;col-testId\&#34;&gt;test_arthen_comprehensive.py::TestARTHENStandardLibrary::test_stdlib_crosschain_ai&lt;/td&gt;&#34;, &#34;&lt;td class=\&#34;col-duration\&#34;&gt;6 ms&lt;/td&gt;&#34;, &#34;&lt;td class=\&#34;col-links\&#34;&gt;&lt;/td&gt;&#34;], &#34;log&#34;: &#34;self = &amp;lt;test_arthen_comprehensive.TestARTHENStandardLibrary testMethod=test_stdlib_crosschain_ai&amp;gt;\n\n    def test_stdlib_crosschain_ai(self):\n        &amp;quot;&amp;quot;&amp;quot;Test standard library cross-chain AI functions&amp;quot;&amp;quot;&amp;quot;\n        # Test intelligent_bridge_routing\n        bridge_request = {\n            &amp;#x27;source_chain&amp;#x27;: &amp;#x27;ethereum&amp;#x27;,\n            &amp;#x27;target_chain&amp;#x27;: &amp;#x27;solana&amp;#x27;,\n            &amp;#x27;amount&amp;#x27;: 1000.0,\n            &amp;#x27;token_type&amp;#x27;: &amp;#x27;ERC20&amp;#x27;\n        }\n    \n&amp;gt;       routing_result = self.stdlib.intelligent_bridge_routing(bridge_request)\nE       TypeError: ARTHENCompleteStandardLibrary.intelligent_bridge_routing() missing 2 required positional arguments: &amp;#x27;dest_chain&amp;#x27; and &amp;#x27;asset_amount&amp;#x27;\n\ntests\\test_arthen_comprehensive.py:357: TypeError\n&#34;}], &#34;test_arthen_comprehensive.py::TestARTHENStandardLibrary::test_stdlib_performance_ai&#34;: [{&#34;extras&#34;: [], &#34;result&#34;: &#34;Failed&#34;, &#34;testId&#34;: &#34;test_arthen_comprehensive.py::TestARTHENStandardLibrary::test_stdlib_performance_ai&#34;, &#34;duration&#34;: &#34;5 ms&#34;, &#34;resultsTableRow&#34;: [&#34;&lt;td class=\&#34;col-result\&#34;&gt;Failed&lt;/td&gt;&#34;, &#34;&lt;td class=\&#34;col-testId\&#34;&gt;test_arthen_comprehensive.py::TestARTHENStandardLibrary::test_stdlib_performance_ai&lt;/td&gt;&#34;, &#34;&lt;td class=\&#34;col-duration\&#34;&gt;5 ms&lt;/td&gt;&#34;, &#34;&lt;td class=\&#34;col-links\&#34;&gt;&lt;/td&gt;&#34;], &#34;log&#34;: &#34;self = &amp;lt;test_arthen_comprehensive.TestARTHENStandardLibrary testMethod=test_stdlib_performance_ai&amp;gt;\n\n    def test_stdlib_performance_ai(self):\n        &amp;quot;&amp;quot;&amp;quot;Test standard library performance AI functions&amp;quot;&amp;quot;&amp;quot;\n        # Test ml_gas_optimization\n        contract_code = {\n            &amp;#x27;functions&amp;#x27;: [\n                {&amp;#x27;name&amp;#x27;: &amp;#x27;transfer&amp;#x27;, &amp;#x27;gas_estimate&amp;#x27;: 21000},\n                {&amp;#x27;name&amp;#x27;: &amp;#x27;approve&amp;#x27;, &amp;#x27;gas_estimate&amp;#x27;: 46000}\n            ],\n            &amp;#x27;storage_operations&amp;#x27;: 5,\n            &amp;#x27;computation_complexity&amp;#x27;: &amp;#x27;medium&amp;#x27;\n        }\n    \n&amp;gt;       gas_result = self.stdlib.ml_gas_optimization(contract_code)\nE       TypeError: ARTHENCompleteStandardLibrary.ml_gas_optimization() missing 1 required positional argument: &amp;#x27;platform&amp;#x27;\n\ntests\\test_arthen_comprehensive.py:406: TypeError\n&#34;}], &#34;test_arthen_comprehensive.py::TestARTHENAISyntax::test_ai_symbol_parsing&#34;: [{&#34;extras&#34;: [], &#34;result&#34;: &#34;Failed&#34;, &#34;testId&#34;: &#34;test_arthen_comprehensive.py::TestARTHENAISyntax::test_ai_symbol_parsing&#34;, &#34;duration&#34;: &#34;00:00:01&#34;, &#34;resultsTableRow&#34;: [&#34;&lt;td class=\&#34;col-result\&#34;&gt;Failed&lt;/td&gt;&#34;, &#34;&lt;td class=\&#34;col-testId\&#34;&gt;test_arthen_comprehensive.py::TestARTHENAISyntax::test_ai_symbol_parsing&lt;/td&gt;&#34;, &#34;&lt;td class=\&#34;col-duration\&#34;&gt;00:00:01&lt;/td&gt;&#34;, &#34;&lt;td class=\&#34;col-links\&#34;&gt;&lt;/td&gt;&#34;], &#34;log&#34;: &#34;self = &amp;lt;test_arthen_comprehensive.TestARTHENAISyntax testMethod=test_ai_symbol_parsing&amp;gt;\n\n    def test_ai_symbol_parsing(self):\n        &amp;quot;&amp;quot;&amp;quot;Test AI symbol parsing (\u2206\u2207\u27e8\u27e9)&amp;quot;&amp;quot;&amp;quot;\n        lexer = AIOptimizedLexer()\n    \n        ai_syntax_samples = [\n            &amp;quot;\u2206\u2207\u27e8blockchain_contract\u27e9&amp;quot;,\n            &amp;quot;\u2206ml_consensus: harmony_all_types&amp;quot;,\n            &amp;quot;\u2207neural_network.train(validator_behavior)&amp;quot;,\n            &amp;quot;\u2206tensor\u27e8u256\u27e9 blockchain_state&amp;quot;\n        ]\n    \n        for sample in ai_syntax_samples:\n            tokens = lexer.tokenize(sample)\n            self.assertGreater(len(tokens), 0)\n    \n            # Check for AI-specific token types\n            token_types = [token.get(&amp;#x27;type&amp;#x27;) for token in tokens]\n&amp;gt;           self.assertTrue(any(&amp;#x27;AI_&amp;#x27; in token_type for token_type in token_types))\nE           AssertionError: False is not true\n\ntests\\test_arthen_comprehensive.py:533: AssertionError\n&#34;}], &#34;test_arthen_comprehensive.py::TestARTHENAISyntax::test_consensus_harmony_syntax&#34;: [{&#34;extras&#34;: [], &#34;result&#34;: &#34;Passed&#34;, &#34;testId&#34;: &#34;test_arthen_comprehensive.py::TestARTHENAISyntax::test_consensus_harmony_syntax&#34;, &#34;duration&#34;: &#34;00:00:03&#34;, &#34;resultsTableRow&#34;: [&#34;&lt;td class=\&#34;col-result\&#34;&gt;Passed&lt;/td&gt;&#34;, &#34;&lt;td class=\&#34;col-testId\&#34;&gt;test_arthen_comprehensive.py::TestARTHENAISyntax::test_consensus_harmony_syntax&lt;/td&gt;&#34;, &#34;&lt;td class=\&#34;col-duration\&#34;&gt;00:00:03&lt;/td&gt;&#34;, &#34;&lt;td class=\&#34;col-links\&#34;&gt;&lt;/td&gt;&#34;], &#34;log&#34;: &#34;No log output captured.&#34;}], &#34;test_arthen_comprehensive.py::TestARTHENAISyntax::test_ml_data_types&#34;: [{&#34;extras&#34;: [], &#34;result&#34;: &#34;Passed&#34;, &#34;testId&#34;: &#34;test_arthen_comprehensive.py::TestARTHENAISyntax::test_ml_data_types&#34;, &#34;duration&#34;: &#34;00:00:01&#34;, &#34;resultsTableRow&#34;: [&#34;&lt;td class=\&#34;col-result\&#34;&gt;Passed&lt;/td&gt;&#34;, &#34;&lt;td class=\&#34;col-testId\&#34;&gt;test_arthen_comprehensive.py::TestARTHENAISyntax::test_ml_data_types&lt;/td&gt;&#34;, &#34;&lt;td class=\&#34;col-duration\&#34;&gt;00:00:01&lt;/td&gt;&#34;, &#34;&lt;td class=\&#34;col-links\&#34;&gt;&lt;/td&gt;&#34;], &#34;log&#34;: &#34;No log output captured.&#34;}], &#34;test_arthen_comprehensive.py::TestARTHENIntegration::test_ai_capabilities_demonstration&#34;: [{&#34;extras&#34;: [], &#34;result&#34;: &#34;Passed&#34;, &#34;testId&#34;: &#34;test_arthen_comprehensive.py::TestARTHENIntegration::test_ai_capabilities_demonstration&#34;, &#34;duration&#34;: &#34;00:00:02&#34;, &#34;resultsTableRow&#34;: [&#34;&lt;td class=\&#34;col-result\&#34;&gt;Passed&lt;/td&gt;&#34;, &#34;&lt;td class=\&#34;col-testId\&#34;&gt;test_arthen_comprehensive.py::TestARTHENIntegration::test_ai_capabilities_demonstration&lt;/td&gt;&#34;, &#34;&lt;td class=\&#34;col-duration\&#34;&gt;00:00:02&lt;/td&gt;&#34;, &#34;&lt;td class=\&#34;col-links\&#34;&gt;&lt;/td&gt;&#34;], &#34;log&#34;: &#34;No log output captured.&#34;}], &#34;test_arthen_comprehensive.py::TestARTHENIntegration::test_end_to_end_compilation&#34;: [{&#34;extras&#34;: [], &#34;result&#34;: &#34;Failed&#34;, &#34;testId&#34;: &#34;test_arthen_comprehensive.py::TestARTHENIntegration::test_end_to_end_compilation&#34;, &#34;duration&#34;: &#34;00:00:02&#34;, &#34;resultsTableRow&#34;: [&#34;&lt;td class=\&#34;col-result\&#34;&gt;Failed&lt;/td&gt;&#34;, &#34;&lt;td class=\&#34;col-testId\&#34;&gt;test_arthen_comprehensive.py::TestARTHENIntegration::test_end_to_end_compilation&lt;/td&gt;&#34;, &#34;&lt;td class=\&#34;col-duration\&#34;&gt;00:00:02&lt;/td&gt;&#34;, &#34;&lt;td class=\&#34;col-links\&#34;&gt;&lt;/td&gt;&#34;], &#34;log&#34;: &#34;self = &amp;lt;test_arthen_comprehensive.TestARTHENIntegration testMethod=test_end_to_end_compilation&amp;gt;\n\n    def test_end_to_end_compilation(self):\n        &amp;quot;&amp;quot;&amp;quot;Test end-to-end compilation with standard library integration&amp;quot;&amp;quot;&amp;quot;\n        arthen_code = &amp;quot;&amp;quot;&amp;quot;\n        \u2206\u2207\u27e8ai_defi_contract\u27e9 {\n            \u2206ml_consensus: harmony_all_types,\n            \u2206target_chains: [ethereum, solana, cosmos],\n            \u2206ai_optimization_level: maximum\n        }\n    \n        \u2207\u27e8liquidity_pool\u27e9 {\n            \u2206ml_price_oracle\u27e8asset_pair\u27e9 -&amp;gt; \u2206price_prediction {\n                \u2207neural_network.predict(market_data);\n                \u2207ai_optimizer.calculate(optimal_price);\n                return \u2206harmonized_price;\n            }\n    \n            \u2206ai_risk_assessment\u27e8pool_state\u27e9 -&amp;gt; \u2206risk_score {\n                \u2207ml_analyzer.evaluate(liquidity_metrics);\n                \u2207security_ai.scan(potential_vulnerabilities);\n                return \u2206comprehensive_risk_analysis;\n            }\n        }\n        &amp;quot;&amp;quot;&amp;quot;\n    \n&amp;gt;       config = CompilationConfig(\n            target=BlockchainTarget.ETHEREUM,\n            optimization_level=&amp;quot;maximum&amp;quot;,\n            ai_enhancement=True,\n            security_analysis=True\n        )\nE       TypeError: CompilationConfig.__init__() got an unexpected keyword argument &amp;#x27;target&amp;#x27;\n\ntests\\test_arthen_comprehensive.py:603: TypeError\n&#34;}], &#34;test_arthen_comprehensive.py::TestARTHENIntegration::test_multi_chain_compilation&#34;: [{&#34;extras&#34;: [], &#34;result&#34;: &#34;Failed&#34;, &#34;testId&#34;: &#34;test_arthen_comprehensive.py::TestARTHENIntegration::test_multi_chain_compilation&#34;, &#34;duration&#34;: &#34;00:00:02&#34;, &#34;resultsTableRow&#34;: [&#34;&lt;td class=\&#34;col-result\&#34;&gt;Failed&lt;/td&gt;&#34;, &#34;&lt;td class=\&#34;col-testId\&#34;&gt;test_arthen_comprehensive.py::TestARTHENIntegration::test_multi_chain_compilation&lt;/td&gt;&#34;, &#34;&lt;td class=\&#34;col-duration\&#34;&gt;00:00:02&lt;/td&gt;&#34;, &#34;&lt;td class=\&#34;col-links\&#34;&gt;&lt;/td&gt;&#34;], &#34;log&#34;: &#34;self = &amp;lt;test_arthen_comprehensive.TestARTHENIntegration testMethod=test_multi_chain_compilation&amp;gt;\n\n    def test_multi_chain_compilation(self):\n        &amp;quot;&amp;quot;&amp;quot;Test compilation for multiple blockchain targets&amp;quot;&amp;quot;&amp;quot;\n        simple_contract = &amp;quot;&amp;quot;&amp;quot;\n        \u2206\u2207\u27e8multi_chain_contract\u27e9 {\n            \u2206ml_consensus: harmony_all_types,\n            \u2206ai_optimization_level: maximum\n        }\n        &amp;quot;&amp;quot;&amp;quot;\n    \n        targets = [\n            BlockchainTarget.ETHEREUM,\n            BlockchainTarget.SOLANA,\n            BlockchainTarget.COSMOS,\n            BlockchainTarget.POLKADOT\n        ]\n    \n        for target in targets:\n&amp;gt;           config = CompilationConfig(\n                target=target,\n                optimization_level=&amp;quot;maximum&amp;quot;,\n                ai_enhancement=True\n            )\nE           TypeError: CompilationConfig.__init__() got an unexpected keyword argument &amp;#x27;target&amp;#x27;\n\ntests\\test_arthen_comprehensive.py:654: TypeError\n&#34;}], &#34;test_arthen_comprehensive.py::TestARTHENPerformance::test_compilation_performance&#34;: [{&#34;extras&#34;: [], &#34;result&#34;: &#34;Failed&#34;, &#34;testId&#34;: &#34;test_arthen_comprehensive.py::TestARTHENPerformance::test_compilation_performance&#34;, &#34;duration&#34;: &#34;2 ms&#34;, &#34;resultsTableRow&#34;: [&#34;&lt;td class=\&#34;col-result\&#34;&gt;Failed&lt;/td&gt;&#34;, &#34;&lt;td class=\&#34;col-testId\&#34;&gt;test_arthen_comprehensive.py::TestARTHENPerformance::test_compilation_performance&lt;/td&gt;&#34;, &#34;&lt;td class=\&#34;col-duration\&#34;&gt;2 ms&lt;/td&gt;&#34;, &#34;&lt;td class=\&#34;col-links\&#34;&gt;&lt;/td&gt;&#34;], &#34;log&#34;: &#34;self = &amp;lt;test_arthen_comprehensive.TestARTHENPerformance testMethod=test_compilation_performance&amp;gt;\n\n    def test_compilation_performance(self):\n        &amp;quot;&amp;quot;&amp;quot;Test compilation performance with large code&amp;quot;&amp;quot;&amp;quot;\n        # Generate large ARTHEN code for performance testing\n        large_code = self._generate_large_arthen_code(100)  # 100 functions\n    \n&amp;gt;       config = CompilationConfig(\n            target=BlockchainTarget.ETHEREUM,\n            optimization_level=&amp;quot;maximum&amp;quot;\n        )\nE       TypeError: CompilationConfig.__init__() got an unexpected keyword argument &amp;#x27;target&amp;#x27;\n\ntests\\test_arthen_comprehensive.py:674: TypeError\n&#34;}], &#34;test_arthen_comprehensive.py::TestARTHENPerformance::test_stdlib_performance&#34;: [{&#34;extras&#34;: [], &#34;result&#34;: &#34;Passed&#34;, &#34;testId&#34;: &#34;test_arthen_comprehensive.py::TestARTHENPerformance::test_stdlib_performance&#34;, &#34;duration&#34;: &#34;41 ms&#34;, &#34;resultsTableRow&#34;: [&#34;&lt;td class=\&#34;col-result\&#34;&gt;Passed&lt;/td&gt;&#34;, &#34;&lt;td class=\&#34;col-testId\&#34;&gt;test_arthen_comprehensive.py::TestARTHENPerformance::test_stdlib_performance&lt;/td&gt;&#34;, &#34;&lt;td class=\&#34;col-duration\&#34;&gt;41 ms&lt;/td&gt;&#34;, &#34;&lt;td class=\&#34;col-links\&#34;&gt;&lt;/td&gt;&#34;], &#34;log&#34;: &#34;No log output captured.&#34;}]}, &#34;renderCollapsed&#34;: [&#34;passed&#34;], &#34;initialSort&#34;: &#34;result&#34;, &#34;title&#34;: &#34;unit_tests.html&#34;}"></div>
    <script>
      (function(){function r(e,n,t){function o(i,f){if(!n[i]){if(!e[i]){var c="function"==typeof require&&require;if(!f&&c)return c(i,!0);if(u)return u(i,!0);var a=new Error("Cannot find module '"+i+"'");throw a.code="MODULE_NOT_FOUND",a}var p=n[i]={exports:{}};e[i][0].call(p.exports,function(r){var n=e[i][1][r];return o(n||r)},p,p.exports,r,e,n,t)}return n[i].exports}for(var u="function"==typeof require&&require,i=0;i<t.length;i++)o(t[i]);return o}return r})()({1:[function(require,module,exports){
const { getCollapsedCategory, setCollapsedIds } = require('./storage.js')

class DataManager {
    setManager(data) {
        const collapsedCategories = [...getCollapsedCategory(data.renderCollapsed)]
        const collapsedIds = []
        const tests = Object.values(data.tests).flat().map((test, index) => {
            const collapsed = collapsedCategories.includes(test.result.toLowerCase())
            const id = `test_${index}`
            if (collapsed) {
                collapsedIds.push(id)
            }
            return {
                ...test,
                id,
                collapsed,
            }
        })
        const dataBlob = { ...data, tests }
        this.data = { ...dataBlob }
        this.renderData = { ...dataBlob }
        setCollapsedIds(collapsedIds)
    }

    get allData() {
        return { ...this.data }
    }

    resetRender() {
        this.renderData = { ...this.data }
    }

    setRender(data) {
        this.renderData.tests = [...data]
    }

    toggleCollapsedItem(id) {
        this.renderData.tests = this.renderData.tests.map((test) =>
            test.id === id ? { ...test, collapsed: !test.collapsed } : test,
        )
    }

    set allCollapsed(collapsed) {
        this.renderData = { ...this.renderData, tests: [...this.renderData.tests.map((test) => (
            { ...test, collapsed }
        ))] }
    }

    get testSubset() {
        return [...this.renderData.tests]
    }

    get environment() {
        return this.renderData.environment
    }

    get initialSort() {
        return this.data.initialSort
    }
}

module.exports = {
    manager: new DataManager(),
}

},{"./storage.js":8}],2:[function(require,module,exports){
const mediaViewer = require('./mediaviewer.js')
const templateEnvRow = document.getElementById('template_environment_row')
const templateResult = document.getElementById('template_results-table__tbody')

function htmlToElements(html) {
    const temp = document.createElement('template')
    temp.innerHTML = html
    return temp.content.childNodes
}

const find = (selector, elem) => {
    if (!elem) {
        elem = document
    }
    return elem.querySelector(selector)
}

const findAll = (selector, elem) => {
    if (!elem) {
        elem = document
    }
    return [...elem.querySelectorAll(selector)]
}

const dom = {
    getStaticRow: (key, value) => {
        const envRow = templateEnvRow.content.cloneNode(true)
        const isObj = typeof value === 'object' && value !== null
        const values = isObj ? Object.keys(value).map((k) => `${k}: ${value[k]}`) : null

        const valuesElement = htmlToElements(
            values ? `<ul>${values.map((val) => `<li>${val}</li>`).join('')}<ul>` : `<div>${value}</div>`)[0]
        const td = findAll('td', envRow)
        td[0].textContent = key
        td[1].appendChild(valuesElement)

        return envRow
    },
    getResultTBody: ({ testId, id, log, extras, resultsTableRow, tableHtml, result, collapsed }) => {
        const resultBody = templateResult.content.cloneNode(true)
        resultBody.querySelector('tbody').classList.add(result.toLowerCase())
        resultBody.querySelector('tbody').id = testId
        resultBody.querySelector('.collapsible').dataset.id = id

        resultsTableRow.forEach((html) => {
            const t = document.createElement('template')
            t.innerHTML = html
            resultBody.querySelector('.collapsible').appendChild(t.content)
        })

        if (log) {
            // Wrap lines starting with "E" with span.error to color those lines red
            const wrappedLog = log.replace(/^E.*$/gm, (match) => `<span class="error">${match}</span>`)
            resultBody.querySelector('.log').innerHTML = wrappedLog
        } else {
            resultBody.querySelector('.log').remove()
        }

        if (collapsed) {
            resultBody.querySelector('.collapsible > td')?.classList.add('collapsed')
            resultBody.querySelector('.extras-row').classList.add('hidden')
        } else {
            resultBody.querySelector('.collapsible > td')?.classList.remove('collapsed')
        }

        const media = []
        extras?.forEach(({ name, format_type, content }) => {
            if (['image', 'video'].includes(format_type)) {
                media.push({ path: content, name, format_type })
            }

            if (format_type === 'html') {
                resultBody.querySelector('.extraHTML').insertAdjacentHTML('beforeend', `<div>${content}</div>`)
            }
        })
        mediaViewer.setup(resultBody, media)

        // Add custom html from the pytest_html_results_table_html hook
        tableHtml?.forEach((item) => {
            resultBody.querySelector('td[class="extra"]').insertAdjacentHTML('beforeend', item)
        })

        return resultBody
    },
}

module.exports = {
    dom,
    htmlToElements,
    find,
    findAll,
}

},{"./mediaviewer.js":6}],3:[function(require,module,exports){
const { manager } = require('./datamanager.js')
const { doSort } = require('./sort.js')
const storageModule = require('./storage.js')

const getFilteredSubSet = (filter) =>
    manager.allData.tests.filter(({ result }) => filter.includes(result.toLowerCase()))

const doInitFilter = () => {
    const currentFilter = storageModule.getVisible()
    const filteredSubset = getFilteredSubSet(currentFilter)
    manager.setRender(filteredSubset)
}

const doFilter = (type, show) => {
    if (show) {
        storageModule.showCategory(type)
    } else {
        storageModule.hideCategory(type)
    }

    const currentFilter = storageModule.getVisible()
    const filteredSubset = getFilteredSubSet(currentFilter)
    manager.setRender(filteredSubset)

    const sortColumn = storageModule.getSort()
    doSort(sortColumn, true)
}

module.exports = {
    doFilter,
    doInitFilter,
}

},{"./datamanager.js":1,"./sort.js":7,"./storage.js":8}],4:[function(require,module,exports){
const { redraw, bindEvents, renderStatic } = require('./main.js')
const { doInitFilter } = require('./filter.js')
const { doInitSort } = require('./sort.js')
const { manager } = require('./datamanager.js')
const data = JSON.parse(document.getElementById('data-container').dataset.jsonblob)

function init() {
    manager.setManager(data)
    doInitFilter()
    doInitSort()
    renderStatic()
    redraw()
    bindEvents()
}

init()

},{"./datamanager.js":1,"./filter.js":3,"./main.js":5,"./sort.js":7}],5:[function(require,module,exports){
const { dom, find, findAll } = require('./dom.js')
const { manager } = require('./datamanager.js')
const { doSort } = require('./sort.js')
const { doFilter } = require('./filter.js')
const {
    getVisible,
    getCollapsedIds,
    setCollapsedIds,
    getSort,
    getSortDirection,
    possibleFilters,
} = require('./storage.js')

const removeChildren = (node) => {
    while (node.firstChild) {
        node.removeChild(node.firstChild)
    }
}

const renderStatic = () => {
    const renderEnvironmentTable = () => {
        const environment = manager.environment
        const rows = Object.keys(environment).map((key) => dom.getStaticRow(key, environment[key]))
        const table = document.getElementById('environment')
        removeChildren(table)
        rows.forEach((row) => table.appendChild(row))
    }
    renderEnvironmentTable()
}

const addItemToggleListener = (elem) => {
    elem.addEventListener('click', ({ target }) => {
        const id = target.parentElement.dataset.id
        manager.toggleCollapsedItem(id)

        const collapsedIds = getCollapsedIds()
        if (collapsedIds.includes(id)) {
            const updated = collapsedIds.filter((item) => item !== id)
            setCollapsedIds(updated)
        } else {
            collapsedIds.push(id)
            setCollapsedIds(collapsedIds)
        }
        redraw()
    })
}

const renderContent = (tests) => {
    const sortAttr = getSort(manager.initialSort)
    const sortAsc = JSON.parse(getSortDirection())
    const rows = tests.map(dom.getResultTBody)
    const table = document.getElementById('results-table')
    const tableHeader = document.getElementById('results-table-head')

    const newTable = document.createElement('table')
    newTable.id = 'results-table'

    // remove all sorting classes and set the relevant
    findAll('.sortable', tableHeader).forEach((elem) => elem.classList.remove('asc', 'desc'))
    tableHeader.querySelector(`.sortable[data-column-type="${sortAttr}"]`)?.classList.add(sortAsc ? 'desc' : 'asc')
    newTable.appendChild(tableHeader)

    if (!rows.length) {
        const emptyTable = document.getElementById('template_results-table__body--empty').content.cloneNode(true)
        newTable.appendChild(emptyTable)
    } else {
        rows.forEach((row) => {
            if (!!row) {
                findAll('.collapsible td:not(.col-links', row).forEach(addItemToggleListener)
                find('.logexpander', row).addEventListener('click',
                    (evt) => evt.target.parentNode.classList.toggle('expanded'),
                )
                newTable.appendChild(row)
            }
        })
    }

    table.replaceWith(newTable)
}

const renderDerived = () => {
    const currentFilter = getVisible()
    possibleFilters.forEach((result) => {
        const input = document.querySelector(`input[data-test-result="${result}"]`)
        input.checked = currentFilter.includes(result)
    })
}

const bindEvents = () => {
    const filterColumn = (evt) => {
        const { target: element } = evt
        const { testResult } = element.dataset

        doFilter(testResult, element.checked)
        const collapsedIds = getCollapsedIds()
        const updated = manager.renderData.tests.map((test) => {
            return {
                ...test,
                collapsed: collapsedIds.includes(test.id),
            }
        })
        manager.setRender(updated)
        redraw()
    }

    const header = document.getElementById('environment-header')
    header.addEventListener('click', () => {
        const table = document.getElementById('environment')
        table.classList.toggle('hidden')
        header.classList.toggle('collapsed')
    })

    findAll('input[name="filter_checkbox"]').forEach((elem) => {
        elem.addEventListener('click', filterColumn)
    })

    findAll('.sortable').forEach((elem) => {
        elem.addEventListener('click', (evt) => {
            const { target: element } = evt
            const { columnType } = element.dataset
            doSort(columnType)
            redraw()
        })
    })

    document.getElementById('show_all_details').addEventListener('click', () => {
        manager.allCollapsed = false
        setCollapsedIds([])
        redraw()
    })
    document.getElementById('hide_all_details').addEventListener('click', () => {
        manager.allCollapsed = true
        const allIds = manager.renderData.tests.map((test) => test.id)
        setCollapsedIds(allIds)
        redraw()
    })
}

const redraw = () => {
    const { testSubset } = manager

    renderContent(testSubset)
    renderDerived()
}

module.exports = {
    redraw,
    bindEvents,
    renderStatic,
}

},{"./datamanager.js":1,"./dom.js":2,"./filter.js":3,"./sort.js":7,"./storage.js":8}],6:[function(require,module,exports){
class MediaViewer {
    constructor(assets) {
        this.assets = assets
        this.index = 0
    }

    nextActive() {
        this.index = this.index === this.assets.length - 1 ? 0 : this.index + 1
        return [this.activeFile, this.index]
    }

    prevActive() {
        this.index = this.index === 0 ? this.assets.length - 1 : this.index -1
        return [this.activeFile, this.index]
    }

    get currentIndex() {
        return this.index
    }

    get activeFile() {
        return this.assets[this.index]
    }
}


const setup = (resultBody, assets) => {
    if (!assets.length) {
        resultBody.querySelector('.media').classList.add('hidden')
        return
    }

    const mediaViewer = new MediaViewer(assets)
    const container = resultBody.querySelector('.media-container')
    const leftArrow = resultBody.querySelector('.media-container__nav--left')
    const rightArrow = resultBody.querySelector('.media-container__nav--right')
    const mediaName = resultBody.querySelector('.media__name')
    const counter = resultBody.querySelector('.media__counter')
    const imageEl = resultBody.querySelector('img')
    const sourceEl = resultBody.querySelector('source')
    const videoEl = resultBody.querySelector('video')

    const setImg = (media, index) => {
        if (media?.format_type === 'image') {
            imageEl.src = media.path

            imageEl.classList.remove('hidden')
            videoEl.classList.add('hidden')
        } else if (media?.format_type === 'video') {
            sourceEl.src = media.path

            videoEl.classList.remove('hidden')
            imageEl.classList.add('hidden')
        }

        mediaName.innerText = media?.name
        counter.innerText = `${index + 1} / ${assets.length}`
    }
    setImg(mediaViewer.activeFile, mediaViewer.currentIndex)

    const moveLeft = () => {
        const [media, index] = mediaViewer.prevActive()
        setImg(media, index)
    }
    const doRight = () => {
        const [media, index] = mediaViewer.nextActive()
        setImg(media, index)
    }
    const openImg = () => {
        window.open(mediaViewer.activeFile.path, '_blank')
    }
    if (assets.length === 1) {
        container.classList.add('media-container--fullscreen')
    } else {
        leftArrow.addEventListener('click', moveLeft)
        rightArrow.addEventListener('click', doRight)
    }
    imageEl.addEventListener('click', openImg)
}

module.exports = {
    setup,
}

},{}],7:[function(require,module,exports){
const { manager } = require('./datamanager.js')
const storageModule = require('./storage.js')

const genericSort = (list, key, ascending, customOrder) => {
    let sorted
    if (customOrder) {
        sorted = list.sort((a, b) => {
            const aValue = a.result.toLowerCase()
            const bValue = b.result.toLowerCase()

            const aIndex = customOrder.findIndex((item) => item.toLowerCase() === aValue)
            const bIndex = customOrder.findIndex((item) => item.toLowerCase() === bValue)

            // Compare the indices to determine the sort order
            return aIndex - bIndex
        })
    } else {
        sorted = list.sort((a, b) => a[key] === b[key] ? 0 : a[key] > b[key] ? 1 : -1)
    }

    if (ascending) {
        sorted.reverse()
    }
    return sorted
}

const durationSort = (list, ascending) => {
    const parseDuration = (duration) => {
        if (duration.includes(':')) {
            // If it's in the format "HH:mm:ss"
            const [hours, minutes, seconds] = duration.split(':').map(Number)
            return (hours * 3600 + minutes * 60 + seconds) * 1000
        } else {
            // If it's in the format "nnn ms"
            return parseInt(duration)
        }
    }
    const sorted = list.sort((a, b) => parseDuration(a['duration']) - parseDuration(b['duration']))
    if (ascending) {
        sorted.reverse()
    }
    return sorted
}

const doInitSort = () => {
    const type = storageModule.getSort(manager.initialSort)
    const ascending = storageModule.getSortDirection()
    const list = manager.testSubset
    const initialOrder = ['Error', 'Failed', 'Rerun', 'XFailed', 'XPassed', 'Skipped', 'Passed']

    storageModule.setSort(type)
    storageModule.setSortDirection(ascending)

    if (type?.toLowerCase() === 'original') {
        manager.setRender(list)
    } else {
        let sortedList
        switch (type) {
        case 'duration':
            sortedList = durationSort(list, ascending)
            break
        case 'result':
            sortedList = genericSort(list, type, ascending, initialOrder)
            break
        default:
            sortedList = genericSort(list, type, ascending)
            break
        }
        manager.setRender(sortedList)
    }
}

const doSort = (type, skipDirection) => {
    const newSortType = storageModule.getSort(manager.initialSort) !== type
    const currentAsc = storageModule.getSortDirection()
    let ascending
    if (skipDirection) {
        ascending = currentAsc
    } else {
        ascending = newSortType ? false : !currentAsc
    }
    storageModule.setSort(type)
    storageModule.setSortDirection(ascending)

    const list = manager.testSubset
    const sortedList = type === 'duration' ? durationSort(list, ascending) : genericSort(list, type, ascending)
    manager.setRender(sortedList)
}

module.exports = {
    doInitSort,
    doSort,
}

},{"./datamanager.js":1,"./storage.js":8}],8:[function(require,module,exports){
const possibleFilters = [
    'passed',
    'skipped',
    'failed',
    'error',
    'xfailed',
    'xpassed',
    'rerun',
]

const getVisible = () => {
    const url = new URL(window.location.href)
    const settings = new URLSearchParams(url.search).get('visible')
    const lower = (item) => {
        const lowerItem = item.toLowerCase()
        if (possibleFilters.includes(lowerItem)) {
            return lowerItem
        }
        return null
    }
    return settings === null ?
        possibleFilters :
        [...new Set(settings?.split(',').map(lower).filter((item) => item))]
}

const hideCategory = (categoryToHide) => {
    const url = new URL(window.location.href)
    const visibleParams = new URLSearchParams(url.search).get('visible')
    const currentVisible = visibleParams ? visibleParams.split(',') : [...possibleFilters]
    const settings = [...new Set(currentVisible)].filter((f) => f !== categoryToHide).join(',')

    url.searchParams.set('visible', settings)
    window.history.pushState({}, null, unescape(url.href))
}

const showCategory = (categoryToShow) => {
    if (typeof window === 'undefined') {
        return
    }
    const url = new URL(window.location.href)
    const currentVisible = new URLSearchParams(url.search).get('visible')?.split(',').filter(Boolean) ||
        [...possibleFilters]
    const settings = [...new Set([categoryToShow, ...currentVisible])]
    const noFilter = possibleFilters.length === settings.length || !settings.length

    noFilter ? url.searchParams.delete('visible') : url.searchParams.set('visible', settings.join(','))
    window.history.pushState({}, null, unescape(url.href))
}

const getSort = (initialSort) => {
    const url = new URL(window.location.href)
    let sort = new URLSearchParams(url.search).get('sort')
    if (!sort) {
        sort = initialSort || 'result'
    }
    return sort
}

const setSort = (type) => {
    const url = new URL(window.location.href)
    url.searchParams.set('sort', type)
    window.history.pushState({}, null, unescape(url.href))
}

const getCollapsedCategory = (renderCollapsed) => {
    let categories
    if (typeof window !== 'undefined') {
        const url = new URL(window.location.href)
        const collapsedItems = new URLSearchParams(url.search).get('collapsed')
        switch (true) {
        case !renderCollapsed && collapsedItems === null:
            categories = ['passed']
            break
        case collapsedItems?.length === 0 || /^["']{2}$/.test(collapsedItems):
            categories = []
            break
        case /^all$/.test(collapsedItems) || collapsedItems === null && /^all$/.test(renderCollapsed):
            categories = [...possibleFilters]
            break
        default:
            categories = collapsedItems?.split(',').map((item) => item.toLowerCase()) || renderCollapsed
            break
        }
    } else {
        categories = []
    }
    return categories
}

const getSortDirection = () => JSON.parse(sessionStorage.getItem('sortAsc')) || false
const setSortDirection = (ascending) => sessionStorage.setItem('sortAsc', ascending)

const getCollapsedIds = () => JSON.parse(sessionStorage.getItem('collapsedIds')) || []
const setCollapsedIds = (list) => sessionStorage.setItem('collapsedIds', JSON.stringify(list))

module.exports = {
    getVisible,
    hideCategory,
    showCategory,
    getCollapsedIds,
    setCollapsedIds,
    getSort,
    setSort,
    getSortDirection,
    setSortDirection,
    getCollapsedCategory,
    possibleFilters,
}

},{}]},{},[4]);
    </script>
  </footer>
</html>