{"created": 1761974919.2685046, "duration": 79.71982908248901, "exitcode": 1, "root": "R:\\ARTHEN-LANG\\tests", "environment": {}, "summary": {"failed": 18, "passed": 11, "total": 29, "collected": 29}, "collectors": [{"nodeid": "", "outcome": "passed", "result": [{"nodeid": "test_arthen_comprehensive.py", "type": "Module"}]}, {"nodeid": "test_arthen_comprehensive.py::TestARTHENCompilerArchitecture", "outcome": "passed", "result": [{"nodeid": "test_arthen_comprehensive.py::TestARTHENCompilerArchitecture::test_ai_code_optimization", "type": "TestCaseFunction", "lineno": 146}, {"nodeid": "test_arthen_comprehensive.py::TestARTHENCompilerArchitecture::test_compilation_config", "type": "TestCaseFunction", "lineno": 79}, {"nodeid": "test_arthen_comprehensive.py::TestARTHENCompilerArchitecture::test_compiler_initialization", "type": "TestCaseFunction", "lineno": 70}, {"nodeid": "test_arthen_comprehensive.py::TestARTHENCompilerArchitecture::test_full_compilation_pipeline", "type": "TestCaseFunction", "lineno": 186}, {"nodeid": "test_arthen_comprehensive.py::TestARTHENCompilerArchitecture::test_lexer_tokenization", "type": "TestCaseFunction", "lineno": 94}, {"nodeid": "test_arthen_comprehensive.py::TestARTHENCompilerArchitecture::test_ml_security_analysis", "type": "TestCaseFunction", "lineno": 165}, {"nodeid": "test_arthen_comprehensive.py::TestARTHENCompilerArchitecture::test_multi_target_code_generation", "type": "TestCaseFunction", "lineno": 120}, {"nodeid": "test_arthen_comprehensive.py::TestARTHENCompilerArchitecture::test_parser_ast_generation", "type": "TestCaseFunction", "lineno": 107}]}, {"nodeid": "test_arthen_comprehensive.py::TestARTHENStandardLibrary", "outcome": "passed", "result": [{"nodeid": "test_arthen_comprehensive.py::TestARTHENStandardLibrary::test_ai_fork_resolution", "type": "TestCaseFunction", "lineno": 299}, {"nodeid": "test_arthen_comprehensive.py::TestARTHENStandardLibrary::test_ai_throughput_enhancement", "type": "TestCaseFunction", "lineno": 463}, {"nodeid": "test_arthen_comprehensive.py::TestARTHENStandardLibrary::test_consensus_harmony_all_types", "type": "TestCaseFunction", "lineno": 232}, {"nodeid": "test_arthen_comprehensive.py::TestARTHENStandardLibrary::test_intelligent_bridge_routing", "type": "TestCaseFunction", "lineno": 332}, {"nodeid": "test_arthen_comprehensive.py::TestARTHENStandardLibrary::test_intelligent_scaling", "type": "TestCaseFunction", "lineno": 495}, {"nodeid": "test_arthen_comprehensive.py::TestARTHENStandardLibrary::test_library_initialization", "type": "TestCaseFunction", "lineno": 221}, {"nodeid": "test_arthen_comprehensive.py::TestARTHENStandardLibrary::test_ml_validator_selection", "type": "TestCaseFunction", "lineno": 240}, {"nodeid": "test_arthen_comprehensive.py::TestARTHENStandardLibrary::test_ml_vulnerability_detection", "type": "TestCaseFunction", "lineno": 446}, {"nodeid": "test_arthen_comprehensive.py::TestARTHENStandardLibrary::test_neural_load_balancing", "type": "TestCaseFunction", "lineno": 479}, {"nodeid": "test_arthen_comprehensive.py::TestARTHENStandardLibrary::test_neural_network_consensus", "type": "TestCaseFunction", "lineno": 319}, {"nodeid": "test_arthen_comprehensive.py::TestARTHENStandardLibrary::test_stdlib_consensus_ai", "type": "TestCaseFunction", "lineno": 257}, {"nodeid": "test_arthen_comprehensive.py::TestARTHENStandardLibrary::test_stdlib_crosschain_ai", "type": "TestCaseFunction", "lineno": 346}, {"nodeid": "test_arthen_comprehensive.py::TestARTHENStandardLibrary::test_stdlib_performance_ai", "type": "TestCaseFunction", "lineno": 393}]}, {"nodeid": "test_arthen_comprehensive.py::TestARTHENAISyntax", "outcome": "passed", "result": [{"nodeid": "test_arthen_comprehensive.py::TestARTHENAISyntax::test_ai_symbol_parsing", "type": "TestCaseFunction", "lineno": 515}, {"nodeid": "test_arthen_comprehensive.py::TestARTHENAISyntax::test_consensus_harmony_syntax", "type": "TestCaseFunction", "lineno": 549}, {"nodeid": "test_arthen_comprehensive.py::TestARTHENAISyntax::test_ml_data_types", "type": "TestCaseFunction", "lineno": 534}]}, {"nodeid": "test_arthen_comprehensive.py::TestARTHENIntegration", "outcome": "passed", "result": [{"nodeid": "test_arthen_comprehensive.py::TestARTHENIntegration::test_ai_capabilities_demonstration", "type": "TestCaseFunction", "lineno": 621}, {"nodeid": "test_arthen_comprehensive.py::TestARTHENIntegration::test_end_to_end_compilation", "type": "TestCaseFunction", "lineno": 578}, {"nodeid": "test_arthen_comprehensive.py::TestARTHENIntegration::test_multi_chain_compilation", "type": "TestCaseFunction", "lineno": 636}]}, {"nodeid": "test_arthen_comprehensive.py::TestARTHENPerformance", "outcome": "passed", "result": [{"nodeid": "test_arthen_comprehensive.py::TestARTHENPerformance::test_compilation_performance", "type": "TestCaseFunction", "lineno": 668}, {"nodeid": "test_arthen_comprehensive.py::TestARTHENPerformance::test_stdlib_performance", "type": "TestCaseFunction", "lineno": 688}]}, {"nodeid": "test_arthen_comprehensive.py", "outcome": "passed", "result": [{"nodeid": "test_arthen_comprehensive.py::TestARTHENCompilerArchitecture", "type": "UnitTestCase"}, {"nodeid": "test_arthen_comprehensive.py::TestARTHENStandardLibrary", "type": "UnitTestCase"}, {"nodeid": "test_arthen_comprehensive.py::TestARTHENAISyntax", "type": "UnitTestCase"}, {"nodeid": "test_arthen_comprehensive.py::TestARTHENIntegration", "type": "UnitTestCase"}, {"nodeid": "test_arthen_comprehensive.py::TestARTHENPerformance", "type": "UnitTestCase"}]}], "tests": [{"nodeid": "test_arthen_comprehensive.py::TestARTHENCompilerArchitecture::test_ai_code_optimization", "lineno": 146, "outcome": "failed", "keywords": ["test_ai_code_optimization", "TestARTHENCompilerArchitecture", "test_arthen_comprehensive.py", "tests"], "setup": {"duration": 0.002063399995677173, "outcome": "passed"}, "call": {"duration": 7.3808729000156745, "outcome": "failed", "crash": {"path": "C:\\Users\\l3unu\\AppData\\Local\\Programs\\Python\\Python311\\Lib\\unittest\\case.py", "lineno": 703, "message": "AssertionError: 'optimization_metadata' not found in {'type': 'Program', 'body': [{'type': 'Function', 'name': 'test_function', 'parameters': [], 'body': []}]}"}, "traceback": [{"path": "tests\\test_arthen_comprehensive.py", "lineno": 164, "message": "AssertionError"}], "longrepr": "self = <test_arthen_comprehensive.TestARTHENCompilerArchitecture testMethod=test_ai_code_optimization>\n\n    def test_ai_code_optimization(self):\n        \"\"\"Test AI-driven code optimization\"\"\"\n        optimizer = AICodeOptimizer()\n    \n        mock_ast = {\n            'type': 'Program',\n            'body': [{\n                'type': 'Function',\n                'name': 'test_function',\n                'parameters': [],\n                'body': []\n            }]\n        }\n    \n        optimized_ast = optimizer.optimize(mock_ast, BlockchainTarget.ETHEREUM)\n    \n        self.assertIsInstance(optimized_ast, dict)\n>       self.assertIn('optimization_metadata', optimized_ast)\nE       AssertionError: 'optimization_metadata' not found in {'type': 'Program', 'body': [{'type': 'Function', 'name': 'test_function', 'parameters': [], 'body': []}]}\n\ntests\\test_arthen_comprehensive.py:164: AssertionError"}, "teardown": {"duration": 0.00044800000614486635, "outcome": "passed"}}, {"nodeid": "test_arthen_comprehensive.py::TestARTHENCompilerArchitecture::test_compilation_config", "lineno": 79, "outcome": "failed", "keywords": ["test_compilation_config", "TestARTHENCompilerArchitecture", "test_arthen_comprehensive.py", "tests"], "setup": {"duration": 0.0005495000223163515, "outcome": "passed"}, "call": {"duration": 3.250576899998123, "outcome": "failed", "crash": {"path": "R:\\ARTHEN-LANG\\tests\\test_arthen_comprehensive.py", "lineno": 82, "message": "TypeError: CompilationConfig.__init__() got an unexpected keyword argument 'output_directory'"}, "traceback": [{"path": "tests\\test_arthen_comprehensive.py", "lineno": 82, "message": "TypeError"}], "longrepr": "self = <test_arthen_comprehensive.TestARTHENCompilerArchitecture testMethod=test_compilation_config>\n\n    def test_compilation_config(self):\n        \"\"\"Test compilation configuration\"\"\"\n>       config = CompilationConfig(\n            target_blockchain=BlockchainTarget.ETHEREUM,\n            optimization_level=\"maximum\",\n            ai_enhancement=True,\n            security_analysis=True,\n            output_directory=\"./output\"\n        )\nE       TypeError: CompilationConfig.__init__() got an unexpected keyword argument 'output_directory'\n\ntests\\test_arthen_comprehensive.py:82: TypeError"}, "teardown": {"duration": 0.0005089000042062253, "outcome": "passed"}}, {"nodeid": "test_arthen_comprehensive.py::TestARTHENCompilerArchitecture::test_compiler_initialization", "lineno": 70, "outcome": "passed", "keywords": ["test_compiler_initialization", "TestARTHENCompilerArchitecture", "test_arthen_comprehensive.py", "tests"], "setup": {"duration": 0.0005719999899156392, "outcome": "passed"}, "call": {"duration": 2.482873799977824, "outcome": "passed"}, "teardown": {"duration": 0.026834099990082905, "outcome": "passed"}}, {"nodeid": "test_arthen_comprehensive.py::TestARTHENCompilerArchitecture::test_full_compilation_pipeline", "lineno": 186, "outcome": "failed", "keywords": ["test_full_compilation_pipeline", "TestARTHENCompilerArchitecture", "test_arthen_comprehensive.py", "tests"], "setup": {"duration": 0.0005583000020124018, "outcome": "passed"}, "call": {"duration": 2.35402850000537, "outcome": "failed", "crash": {"path": "R:\\ARTHEN-LANG\\tests\\test_arthen_comprehensive.py", "lineno": 189, "message": "TypeError: CompilationConfig.__init__() got an unexpected keyword argument 'target'"}, "traceback": [{"path": "tests\\test_arthen_comprehensive.py", "lineno": 189, "message": "TypeError"}], "longrepr": "self = <test_arthen_comprehensive.TestARTHENCompilerArchitecture testMethod=test_full_compilation_pipeline>\n\n    def test_full_compilation_pipeline(self):\n        \"\"\"Test complete compilation pipeline\"\"\"\n>       config = CompilationConfig(\n            target=BlockchainTarget.ETHEREUM,\n            optimization_level=\"maximum\",\n            ai_enhancement=True,\n            security_analysis=True\n        )\nE       TypeError: CompilationConfig.__init__() got an unexpected keyword argument 'target'\n\ntests\\test_arthen_comprehensive.py:189: TypeError"}, "teardown": {"duration": 0.0005702000053133816, "outcome": "passed"}}, {"nodeid": "test_arthen_comprehensive.py::TestARTHENCompilerArchitecture::test_lexer_tokenization", "lineno": 94, "outcome": "failed", "keywords": ["test_lexer_tokenization", "TestARTHENCompilerArchitecture", "test_arthen_comprehensive.py", "tests"], "setup": {"duration": 0.0004888999974355102, "outcome": "passed"}, "call": {"duration": 3.1776150000223424, "outcome": "failed", "crash": {"path": "C:\\Users\\l3unu\\AppData\\Local\\Programs\\Python\\Python311\\Lib\\unittest\\case.py", "lineno": 703, "message": "AssertionError: 'AI_SYMBOL' not found in ['DELTA_CONTRACT', 'ML_CONSENSUS', 'ML_CONSENSUS', 'ML_PRIMITIVE']"}, "traceback": [{"path": "tests\\test_arthen_comprehensive.py", "lineno": 105, "message": "AssertionError"}], "longrepr": "self = <test_arthen_comprehensive.TestARTHENCompilerArchitecture testMethod=test_lexer_tokenization>\n\n    def test_lexer_tokenization(self):\n        \"\"\"Test AI-optimized lexer tokenization\"\"\"\n        lexer = AIOptimizedLexer()\n        tokens = lexer.tokenize(self.sample_arthen_code)\n    \n        self.assertIsInstance(tokens, list)\n        self.assertGreater(len(tokens), 0)\n    \n        # Check for ARTHEN-specific tokens\n        token_types = [token.get('type') for token in tokens]\n>       self.assertIn('AI_SYMBOL', token_types)\nE       AssertionError: 'AI_SYMBOL' not found in ['DELTA_CONTRACT', 'ML_CONSENSUS', 'ML_CONSENSUS', 'ML_PRIMITIVE']\n\ntests\\test_arthen_comprehensive.py:105: AssertionError"}, "teardown": {"duration": 0.000589100003708154, "outcome": "passed"}}, {"nodeid": "test_arthen_comprehensive.py::TestARTHENCompilerArchitecture::test_ml_security_analysis", "lineno": 165, "outcome": "passed", "keywords": ["test_ml_security_analysis", "TestARTHENCompilerArchitecture", "test_arthen_comprehensive.py", "tests"], "setup": {"duration": 0.0004902000073343515, "outcome": "passed"}, "call": {"duration": 2.4029745000007097, "outcome": "passed"}, "teardown": {"duration": 0.02158979998785071, "outcome": "passed"}}, {"nodeid": "test_arthen_comprehensive.py::TestARTHENCompilerArchitecture::test_multi_target_code_generation", "lineno": 120, "outcome": "passed", "keywords": ["test_multi_target_code_generation", "TestARTHENCompilerArchitecture", "test_arthen_comprehensive.py", "tests"], "setup": {"duration": 0.00046790001215413213, "outcome": "passed"}, "call": {"duration": 2.3340431000106037, "outcome": "passed"}, "teardown": {"duration": 0.0229043000144884, "outcome": "passed"}}, {"nodeid": "test_arthen_comprehensive.py::TestARTHENCompilerArchitecture::test_parser_ast_generation", "lineno": 107, "outcome": "failed", "keywords": ["test_parser_ast_generation", "TestARTHENCompilerArchitecture", "test_arthen_comprehensive.py", "tests"], "setup": {"duration": 0.0005533999938052148, "outcome": "passed"}, "call": {"duration": 4.774459400010528, "outcome": "failed", "crash": {"path": "C:\\Users\\l3unu\\AppData\\Local\\Programs\\Python\\Python311\\Lib\\unittest\\case.py", "lineno": 703, "message": "AssertionError: 'ARTHEN_PROGRAM' != 'Program'\n- ARTHEN_PROGRAM\n+ Program"}, "traceback": [{"path": "tests\\test_arthen_comprehensive.py", "lineno": 118, "message": "AssertionError"}], "longrepr": "self = <test_arthen_comprehensive.TestARTHENCompilerArchitecture testMethod=test_parser_ast_generation>\n\n    def test_parser_ast_generation(self):\n        \"\"\"Test transformer-based parser AST generation\"\"\"\n        parser = TransformerParser()\n        lexer = AIOptimizedLexer()\n    \n        tokens = lexer.tokenize(self.sample_arthen_code)\n        ast = parser.parse(tokens)\n    \n        self.assertIsInstance(ast, dict)\n        self.assertIn('type', ast)\n>       self.assertEqual(ast['type'], 'Program')\nE       AssertionError: 'ARTHEN_PROGRAM' != 'Program'\nE       - ARTHEN_PROGRAM\nE       + Program\n\ntests\\test_arthen_comprehensive.py:118: AssertionError"}, "teardown": {"duration": 0.0008190999797079712, "outcome": "passed"}}, {"nodeid": "test_arthen_comprehensive.py::TestARTHENStandardLibrary::test_ai_fork_resolution", "lineno": 299, "outcome": "passed", "keywords": ["test_ai_fork_resolution", "TestARTHENStandardLibrary", "test_arthen_comprehensive.py", "tests"], "setup": {"duration": 0.0006510000093840063, "outcome": "passed"}, "call": {"duration": 0.003658899979200214, "outcome": "passed"}, "teardown": {"duration": 0.00037170000723563135, "outcome": "passed"}}, {"nodeid": "test_arthen_comprehensive.py::TestARTHENStandardLibrary::test_ai_throughput_enhancement", "lineno": 463, "outcome": "failed", "keywords": ["test_ai_throughput_enhancement", "TestARTHENStandardLibrary", "test_arthen_comprehensive.py", "tests"], "setup": {"duration": 0.0004597999795805663, "outcome": "passed"}, "call": {"duration": 0.003133399994112551, "outcome": "failed", "crash": {"path": "C:\\Users\\l3unu\\AppData\\Local\\Programs\\Python\\Python311\\Lib\\unittest\\case.py", "lineno": 703, "message": "AssertionError: 'optimization_applied' not found in {'current_throughput': 0, 'enhanced_throughput': 1450.0, 'improvement_percentage': 44.99999999999999, 'bottlenecks_resolved': 2, 'enhancement_applied': True, 'enhancement_confidence': 0.91}"}, "traceback": [{"path": "tests\\test_arthen_comprehensive.py", "lineno": 476, "message": "AssertionError"}], "longrepr": "self = <test_arthen_comprehensive.TestARTHENStandardLibrary testMethod=test_ai_throughput_enhancement>\n\n    def test_ai_throughput_enhancement(self):\n        \"\"\"Test AI-powered throughput enhancement\"\"\"\n        network_metrics = {\n            'current_throughput': 800,\n            'target_throughput': 1500,\n            'latency': 120,\n            'load': 0.7\n        }\n    \n        result = self.stdlib.ai_throughput_enhancement(network_metrics)\n    \n        self.assertIsInstance(result, dict)\n>       self.assertIn('optimization_applied', result)\nE       AssertionError: 'optimization_applied' not found in {'current_throughput': 0, 'enhanced_throughput': 1450.0, 'improvement_percentage': 44.99999999999999, 'bottlenecks_resolved': 2, 'enhancement_applied': True, 'enhancement_confidence': 0.91}\n\ntests\\test_arthen_comprehensive.py:476: AssertionError"}, "teardown": {"duration": 0.0005207000067457557, "outcome": "passed"}}, {"nodeid": "test_arthen_comprehensive.py::TestARTHENStandardLibrary::test_consensus_harmony_all_types", "lineno": 232, "outcome": "passed", "keywords": ["test_consensus_harmony_all_types", "TestARTHENStandardLibrary", "test_arthen_comprehensive.py", "tests"], "setup": {"duration": 0.0005105000163894147, "outcome": "passed"}, "call": {"duration": 0.0043006000050809234, "outcome": "passed"}, "teardown": {"duration": 0.0003558000025805086, "outcome": "passed"}}, {"nodeid": "test_arthen_comprehensive.py::TestARTHENStandardLibrary::test_intelligent_bridge_routing", "lineno": 332, "outcome": "failed", "keywords": ["test_intelligent_bridge_routing", "TestARTHENStandardLibrary", "test_arthen_comprehensive.py", "tests"], "setup": {"duration": 0.00037700001848861575, "outcome": "passed"}, "call": {"duration": 0.003381899994565174, "outcome": "failed", "crash": {"path": "C:\\Users\\l3unu\\AppData\\Local\\Programs\\Python\\Python311\\Lib\\unittest\\case.py", "lineno": 703, "message": "AssertionError: 'optimal_route' not found in {'source_chain': 'ethereum', 'destination_chain': 'solana', 'optimal_path': {'source': 'ethereum', 'destination': 'solana', 'intermediate_chains': ['cosmos'], 'path_efficiency': 0.92, 'security_rating': 0.95}, 'estimated_fees': 0.001275, 'security_verified': True, 'routing_confidence': 0.94, 'estimated_time': 45.0}"}, "traceback": [{"path": "tests\\test_arthen_comprehensive.py", "lineno": 342, "message": "AssertionError"}], "longrepr": "self = <test_arthen_comprehensive.TestARTHENStandardLibrary testMethod=test_intelligent_bridge_routing>\n\n    def test_intelligent_bridge_routing(self):\n        \"\"\"Test AI-powered cross-chain bridge routing\"\"\"\n        result = self.stdlib.intelligent_bridge_routing(\n            BlockchainPlatform.ETHEREUM,\n            BlockchainPlatform.SOLANA,\n            100.0\n        )\n    \n        self.assertIsInstance(result, dict)\n>       self.assertIn('optimal_route', result)\nE       AssertionError: 'optimal_route' not found in {'source_chain': 'ethereum', 'destination_chain': 'solana', 'optimal_path': {'source': 'ethereum', 'destination': 'solana', 'intermediate_chains': ['cosmos'], 'path_efficiency': 0.92, 'security_rating': 0.95}, 'estimated_fees': 0.001275, 'security_verified': True, 'routing_confidence': 0.94, 'estimated_time': 45.0}\n\ntests\\test_arthen_comprehensive.py:342: AssertionError"}, "teardown": {"duration": 0.0005523000145331025, "outcome": "passed"}}, {"nodeid": "test_arthen_comprehensive.py::TestARTHENStandardLibrary::test_intelligent_scaling", "lineno": 495, "outcome": "failed", "keywords": ["test_intelligent_scaling", "TestARTHENStandardLibrary", "test_arthen_comprehensive.py", "tests"], "setup": {"duration": 0.0005223000189289451, "outcome": "passed"}, "call": {"duration": 0.0033916000102180988, "outcome": "failed", "crash": {"path": "C:\\Users\\l3unu\\AppData\\Local\\Programs\\Python\\Python311\\Lib\\unittest\\case.py", "lineno": 703, "message": "AssertionError: 'scaling_recommendation' not found in {'current_demand': 0, 'predicted_demand': 60.0, 'scaling_factor': 1.0, 'scaling_executed': True, 'new_capacity': 100.0, 'scaling_confidence': 0.88}"}, "traceback": [{"path": "tests\\test_arthen_comprehensive.py", "lineno": 508, "message": "AssertionError"}], "longrepr": "self = <test_arthen_comprehensive.TestARTHENStandardLibrary testMethod=test_intelligent_scaling>\n\n    def test_intelligent_scaling(self):\n        \"\"\"Test intelligent scaling based on demand prediction\"\"\"\n        demand_metrics = {\n            'current_demand': 75.0,\n            'predicted_demand': 120.0,\n            'capacity_utilization': 0.8,\n            'response_time': 150.0\n        }\n    \n        result = self.stdlib.intelligent_scaling(demand_metrics)\n    \n        self.assertIsInstance(result, dict)\n>       self.assertIn('scaling_recommendation', result)\nE       AssertionError: 'scaling_recommendation' not found in {'current_demand': 0, 'predicted_demand': 60.0, 'scaling_factor': 1.0, 'scaling_executed': True, 'new_capacity': 100.0, 'scaling_confidence': 0.88}\n\ntests\\test_arthen_comprehensive.py:508: AssertionError"}, "teardown": {"duration": 0.0004974000039510429, "outcome": "passed"}}, {"nodeid": "test_arthen_comprehensive.py::TestARTHENStandardLibrary::test_library_initialization", "lineno": 221, "outcome": "passed", "keywords": ["test_library_initialization", "TestARTHENStandardLibrary", "test_arthen_comprehensive.py", "tests"], "setup": {"duration": 0.0005169000069145113, "outcome": "passed"}, "call": {"duration": 0.0031888000085018575, "outcome": "passed"}, "teardown": {"duration": 0.00041179999243468046, "outcome": "passed"}}, {"nodeid": "test_arthen_comprehensive.py::TestARTHENStandardLibrary::test_ml_validator_selection", "lineno": 240, "outcome": "passed", "keywords": ["test_ml_validator_selection", "TestARTHENStandardLibrary", "test_arthen_comprehensive.py", "tests"], "setup": {"duration": 0.00035450002178549767, "outcome": "passed"}, "call": {"duration": 0.0032051999878603965, "outcome": "passed"}, "teardown": {"duration": 0.0004338000144343823, "outcome": "passed"}}, {"nodeid": "test_arthen_comprehensive.py::TestARTHENStandardLibrary::test_ml_vulnerability_detection", "lineno": 446, "outcome": "failed", "keywords": ["test_ml_vulnerability_detection", "TestARTHENStandardLibrary", "test_arthen_comprehensive.py", "tests"], "setup": {"duration": 0.000525100011145696, "outcome": "passed"}, "call": {"duration": 0.0033866000012494624, "outcome": "failed", "crash": {"path": "R:\\ARTHEN-LANG\\tests\\test_arthen_comprehensive.py", "lineno": 457, "message": "TypeError: ARTHENCompleteStandardLibrary.ml_vulnerability_detection() missing 1 required positional argument: 'platform'"}, "traceback": [{"path": "tests\\test_arthen_comprehensive.py", "lineno": 457, "message": "TypeError"}], "longrepr": "self = <test_arthen_comprehensive.TestARTHENStandardLibrary testMethod=test_ml_vulnerability_detection>\n\n    def test_ml_vulnerability_detection(self):\n        \"\"\"Test ML-powered vulnerability detection\"\"\"\n        sample_contract = \"\"\"\n        function transfer(address to, uint256 amount) public {\n            require(balances[msg.sender] >= amount);\n            balances[msg.sender] -= amount;\n            balances[to] += amount;\n        }\n        \"\"\"\n    \n>       result = self.stdlib.ml_vulnerability_detection(sample_contract)\nE       TypeError: ARTHENCompleteStandardLibrary.ml_vulnerability_detection() missing 1 required positional argument: 'platform'\n\ntests\\test_arthen_comprehensive.py:457: TypeError"}, "teardown": {"duration": 0.000450699997600168, "outcome": "passed"}}, {"nodeid": "test_arthen_comprehensive.py::TestARTHENStandardLibrary::test_neural_load_balancing", "lineno": 479, "outcome": "failed", "keywords": ["test_neural_load_balancing", "TestARTHENStandardLibrary", "test_arthen_comprehensive.py", "tests"], "setup": {"duration": 0.0003921999887097627, "outcome": "passed"}, "call": {"duration": 0.0026381000061519444, "outcome": "failed", "crash": {"path": "C:\\Users\\l3unu\\AppData\\Local\\Programs\\Python\\Python311\\Lib\\unittest\\case.py", "lineno": 703, "message": "AssertionError: 'load_distribution' not found in {'nodes_balanced': 4, 'load_variance_before': 0.036875000000000005, 'load_variance_after': 0.02, 'balancing_improvement': 80.0, 'optimal_distribution': {'node_1': 0.25, 'node_2': 0.25, 'node_3': 0.25, 'node_4': 0.25}, 'balancing_confidence': 0.94}"}, "traceback": [{"path": "tests\\test_arthen_comprehensive.py", "lineno": 492, "message": "AssertionError"}], "longrepr": "self = <test_arthen_comprehensive.TestARTHENStandardLibrary testMethod=test_neural_load_balancing>\n\n    def test_neural_load_balancing(self):\n        \"\"\"Test neural network-based load balancing\"\"\"\n        node_loads = {\n            'node_1': 0.8,\n            'node_2': 0.6,\n            'node_3': 0.9,\n            'node_4': 0.4\n        }\n    \n        result = self.stdlib.neural_load_balancing(node_loads)\n    \n        self.assertIsInstance(result, dict)\n>       self.assertIn('load_distribution', result)\nE       AssertionError: 'load_distribution' not found in {'nodes_balanced': 4, 'load_variance_before': 0.036875000000000005, 'load_variance_after': 0.02, 'balancing_improvement': 80.0, 'optimal_distribution': {'node_1': 0.25, 'node_2': 0.25, 'node_3': 0.25, 'node_4': 0.25}, 'balancing_confidence': 0.94}\n\ntests\\test_arthen_comprehensive.py:492: AssertionError"}, "teardown": {"duration": 0.00046729997848160565, "outcome": "passed"}}, {"nodeid": "test_arthen_comprehensive.py::TestARTHENStandardLibrary::test_neural_network_consensus", "lineno": 319, "outcome": "failed", "keywords": ["test_neural_network_consensus", "TestARTHENStandardLibrary", "test_arthen_comprehensive.py", "tests"], "setup": {"duration": 0.000390799978049472, "outcome": "passed"}, "call": {"duration": 0.0032961000106297433, "outcome": "failed", "crash": {"path": "C:\\Users\\l3unu\\AppData\\Local\\Programs\\Python\\Python311\\Lib\\site-packages\\torch\\nn\\modules\\linear.py", "lineno": 125, "message": "RuntimeError: mat1 and mat2 shapes cannot be multiplied (10x5 and 7x128)"}, "traceback": [{"path": "tests\\test_arthen_comprehensive.py", "lineno": 325, "message": ""}, {"path": "stdlib\\arthen_stdlib_implementation.py", "lineno": 1597, "message": "in neural_network_consensus"}, {"path": "C:\\Users\\l3unu\\AppData\\Local\\Programs\\Python\\Python311\\Lib\\site-packages\\torch\\nn\\modules\\module.py", "lineno": 1773, "message": "in _wrapped_call_impl"}, {"path": "C:\\Users\\l3unu\\AppData\\Local\\Programs\\Python\\Python311\\Lib\\site-packages\\torch\\nn\\modules\\module.py", "lineno": 1784, "message": "in _call_impl"}, {"path": "stdlib\\arthen_stdlib_implementation.py", "lineno": 244, "message": "in forward"}, {"path": "C:\\Users\\l3unu\\AppData\\Local\\Programs\\Python\\Python311\\Lib\\site-packages\\torch\\nn\\modules\\module.py", "lineno": 1773, "message": "in _wrapped_call_impl"}, {"path": "C:\\Users\\l3unu\\AppData\\Local\\Programs\\Python\\Python311\\Lib\\site-packages\\torch\\nn\\modules\\module.py", "lineno": 1784, "message": "in _call_impl"}, {"path": "C:\\Users\\l3unu\\AppData\\Local\\Programs\\Python\\Python311\\Lib\\site-packages\\torch\\nn\\modules\\container.py", "lineno": 244, "message": "in forward"}, {"path": "C:\\Users\\l3unu\\AppData\\Local\\Programs\\Python\\Python311\\Lib\\site-packages\\torch\\nn\\modules\\module.py", "lineno": 1773, "message": "in _wrapped_call_impl"}, {"path": "C:\\Users\\l3unu\\AppData\\Local\\Programs\\Python\\Python311\\Lib\\site-packages\\torch\\nn\\modules\\module.py", "lineno": 1784, "message": "in _call_impl"}, {"path": "C:\\Users\\l3unu\\AppData\\Local\\Programs\\Python\\Python311\\Lib\\site-packages\\torch\\nn\\modules\\linear.py", "lineno": 125, "message": "RuntimeError"}], "longrepr": "self = <test_arthen_comprehensive.TestARTHENStandardLibrary testMethod=test_neural_network_consensus>\n\n    def test_neural_network_consensus(self):\n        \"\"\"Test neural network-based consensus\"\"\"\n        # Create sample network data\n        network_data = np.random.rand(10, 5).astype(np.float32)\n    \n>       result = self.stdlib.neural_network_consensus(network_data)\n\ntests\\test_arthen_comprehensive.py:325: \n_ _ _ _ _ _ _ _ _ _ _ _ _ _ _ _ _ _ _ _ _ _ _ _ _ _ _ _ _ _ _ _ _ _ _ _ _ _ _ _\nstdlib\\arthen_stdlib_implementation.py:1597: in neural_network_consensus\n    consensus_output = self.ml_consensus.neural_analyzer(data_tensor.unsqueeze(0))\nC:\\Users\\l3unu\\AppData\\Local\\Programs\\Python\\Python311\\Lib\\site-packages\\torch\\nn\\modules\\module.py:1773: in _wrapped_call_impl\n    return self._call_impl(*args, **kwargs)\nC:\\Users\\l3unu\\AppData\\Local\\Programs\\Python\\Python311\\Lib\\site-packages\\torch\\nn\\modules\\module.py:1784: in _call_impl\n    return forward_call(*args, **kwargs)\nstdlib\\arthen_stdlib_implementation.py:244: in forward\n    return self.network(network_state)\nC:\\Users\\l3unu\\AppData\\Local\\Programs\\Python\\Python311\\Lib\\site-packages\\torch\\nn\\modules\\module.py:1773: in _wrapped_call_impl\n    return self._call_impl(*args, **kwargs)\nC:\\Users\\l3unu\\AppData\\Local\\Programs\\Python\\Python311\\Lib\\site-packages\\torch\\nn\\modules\\module.py:1784: in _call_impl\n    return forward_call(*args, **kwargs)\nC:\\Users\\l3unu\\AppData\\Local\\Programs\\Python\\Python311\\Lib\\site-packages\\torch\\nn\\modules\\container.py:244: in forward\n    input = module(input)\nC:\\Users\\l3unu\\AppData\\Local\\Programs\\Python\\Python311\\Lib\\site-packages\\torch\\nn\\modules\\module.py:1773: in _wrapped_call_impl\n    return self._call_impl(*args, **kwargs)\nC:\\Users\\l3unu\\AppData\\Local\\Programs\\Python\\Python311\\Lib\\site-packages\\torch\\nn\\modules\\module.py:1784: in _call_impl\n    return forward_call(*args, **kwargs)\n_ _ _ _ _ _ _ _ _ _ _ _ _ _ _ _ _ _ _ _ _ _ _ _ _ _ _ _ _ _ _ _ _ _ _ _ _ _ _ _\n\nself = Linear(in_features=7, out_features=128, bias=True)\ninput = tensor([[[0.9370, 0.1946, 0.0478, 0.7205, 0.7490],\n         [0.3263, 0.8091, 0.2198, 0.0257, 0.2402],\n         [0.2467....6641, 0.6383],\n         [0.4663, 0.5570, 0.2796, 0.5254, 0.9518],\n         [0.7081, 0.6245, 0.0062, 0.1083, 0.6074]]])\n\n    def forward(self, input: Tensor) -> Tensor:\n>       return F.linear(input, self.weight, self.bias)\nE       RuntimeError: mat1 and mat2 shapes cannot be multiplied (10x5 and 7x128)\n\nC:\\Users\\l3unu\\AppData\\Local\\Programs\\Python\\Python311\\Lib\\site-packages\\torch\\nn\\modules\\linear.py:125: RuntimeError"}, "teardown": {"duration": 0.0005153999954927713, "outcome": "passed"}}, {"nodeid": "test_arthen_comprehensive.py::TestARTHENStandardLibrary::test_stdlib_consensus_ai", "lineno": 257, "outcome": "failed", "keywords": ["test_stdlib_consensus_ai", "TestARTHENStandardLibrary", "test_arthen_comprehensive.py", "tests"], "setup": {"duration": 0.0005068000173196197, "outcome": "passed"}, "call": {"duration": 0.004875700018601492, "outcome": "failed", "crash": {"path": "C:\\Users\\l3unu\\AppData\\Local\\Programs\\Python\\Python311\\Lib\\site-packages\\torch\\nn\\modules\\linear.py", "lineno": 125, "message": "RuntimeError: mat1 and mat2 shapes cannot be multiplied (10x5 and 7x128)"}, "traceback": [{"path": "tests\\test_arthen_comprehensive.py", "lineno": 296, "message": ""}, {"path": "stdlib\\arthen_stdlib_implementation.py", "lineno": 1597, "message": "in neural_network_consensus"}, {"path": "C:\\Users\\l3unu\\AppData\\Local\\Programs\\Python\\Python311\\Lib\\site-packages\\torch\\nn\\modules\\module.py", "lineno": 1773, "message": "in _wrapped_call_impl"}, {"path": "C:\\Users\\l3unu\\AppData\\Local\\Programs\\Python\\Python311\\Lib\\site-packages\\torch\\nn\\modules\\module.py", "lineno": 1784, "message": "in _call_impl"}, {"path": "stdlib\\arthen_stdlib_implementation.py", "lineno": 244, "message": "in forward"}, {"path": "C:\\Users\\l3unu\\AppData\\Local\\Programs\\Python\\Python311\\Lib\\site-packages\\torch\\nn\\modules\\module.py", "lineno": 1773, "message": "in _wrapped_call_impl"}, {"path": "C:\\Users\\l3unu\\AppData\\Local\\Programs\\Python\\Python311\\Lib\\site-packages\\torch\\nn\\modules\\module.py", "lineno": 1784, "message": "in _call_impl"}, {"path": "C:\\Users\\l3unu\\AppData\\Local\\Programs\\Python\\Python311\\Lib\\site-packages\\torch\\nn\\modules\\container.py", "lineno": 244, "message": "in forward"}, {"path": "C:\\Users\\l3unu\\AppData\\Local\\Programs\\Python\\Python311\\Lib\\site-packages\\torch\\nn\\modules\\module.py", "lineno": 1773, "message": "in _wrapped_call_impl"}, {"path": "C:\\Users\\l3unu\\AppData\\Local\\Programs\\Python\\Python311\\Lib\\site-packages\\torch\\nn\\modules\\module.py", "lineno": 1784, "message": "in _call_impl"}, {"path": "C:\\Users\\l3unu\\AppData\\Local\\Programs\\Python\\Python311\\Lib\\site-packages\\torch\\nn\\modules\\linear.py", "lineno": 125, "message": "RuntimeError"}], "longrepr": "self = <test_arthen_comprehensive.TestARTHENStandardLibrary testMethod=test_stdlib_consensus_ai>\n\n    def test_stdlib_consensus_ai(self):\n        \"\"\"Test standard library consensus AI functions\"\"\"\n        # Test harmony_all_types function\n        network_state = NetworkState(\n            throughput=1000.0,\n            latency=50.0,\n            security_score=0.9,\n            decentralization_index=0.8,\n            node_count=1000,\n            transaction_volume=10000.0,\n            consensus_efficiency=0.85\n        )\n    \n        result = self.stdlib.harmony_all_types(network_state)\n        self.assertIsInstance(result, AIConfidence)\n        self.assertGreater(result.confidence, 0.0)\n        self.assertLessEqual(result.confidence, 1.0)\n    \n        # Test additional consensus AI functions\n        validators = [{'id': 'validator_1', 'uptime': 0.99, 'stake': 1000000}]\n        selection_result = self.stdlib.ml_validator_selection(validators, {'load': 0.5})\n        self.assertIsInstance(selection_result, dict)\n        self.assertIn('selected_validators', selection_result)\n    \n        # Test fork resolution\n        fork_data = {\n            'block_height': 100000,\n            'chains': [{'id': 'chain_a', 'cumulative_difficulty': 1500000}],\n            'stake_weights': {'chain_a': 0.6},\n            'node_support': {'chain_a': 120}\n        }\n    \n        fork_result = self.stdlib.ai_fork_resolution(fork_data)\n        self.assertIsInstance(fork_result, dict)\n        self.assertIn('resolution_method', fork_result)\n    \n        # Test neural network consensus\n        consensus_data = np.random.rand(10, 5).astype(np.float32)\n>       neural_result = self.stdlib.neural_network_consensus(consensus_data)\n\ntests\\test_arthen_comprehensive.py:296: \n_ _ _ _ _ _ _ _ _ _ _ _ _ _ _ _ _ _ _ _ _ _ _ _ _ _ _ _ _ _ _ _ _ _ _ _ _ _ _ _\nstdlib\\arthen_stdlib_implementation.py:1597: in neural_network_consensus\n    consensus_output = self.ml_consensus.neural_analyzer(data_tensor.unsqueeze(0))\nC:\\Users\\l3unu\\AppData\\Local\\Programs\\Python\\Python311\\Lib\\site-packages\\torch\\nn\\modules\\module.py:1773: in _wrapped_call_impl\n    return self._call_impl(*args, **kwargs)\nC:\\Users\\l3unu\\AppData\\Local\\Programs\\Python\\Python311\\Lib\\site-packages\\torch\\nn\\modules\\module.py:1784: in _call_impl\n    return forward_call(*args, **kwargs)\nstdlib\\arthen_stdlib_implementation.py:244: in forward\n    return self.network(network_state)\nC:\\Users\\l3unu\\AppData\\Local\\Programs\\Python\\Python311\\Lib\\site-packages\\torch\\nn\\modules\\module.py:1773: in _wrapped_call_impl\n    return self._call_impl(*args, **kwargs)\nC:\\Users\\l3unu\\AppData\\Local\\Programs\\Python\\Python311\\Lib\\site-packages\\torch\\nn\\modules\\module.py:1784: in _call_impl\n    return forward_call(*args, **kwargs)\nC:\\Users\\l3unu\\AppData\\Local\\Programs\\Python\\Python311\\Lib\\site-packages\\torch\\nn\\modules\\container.py:244: in forward\n    input = module(input)\nC:\\Users\\l3unu\\AppData\\Local\\Programs\\Python\\Python311\\Lib\\site-packages\\torch\\nn\\modules\\module.py:1773: in _wrapped_call_impl\n    return self._call_impl(*args, **kwargs)\nC:\\Users\\l3unu\\AppData\\Local\\Programs\\Python\\Python311\\Lib\\site-packages\\torch\\nn\\modules\\module.py:1784: in _call_impl\n    return forward_call(*args, **kwargs)\n_ _ _ _ _ _ _ _ _ _ _ _ _ _ _ _ _ _ _ _ _ _ _ _ _ _ _ _ _ _ _ _ _ _ _ _ _ _ _ _\n\nself = Linear(in_features=7, out_features=128, bias=True)\ninput = tensor([[[0.9778, 0.8761, 0.2674, 0.9169, 0.7372],\n         [0.9324, 0.1312, 0.4581, 0.8363, 0.2201],\n         [0.7533....7684, 0.5182],\n         [0.2398, 0.0440, 0.0606, 0.8300, 0.2181],\n         [0.7128, 0.7207, 0.2167, 0.4634, 0.0029]]])\n\n    def forward(self, input: Tensor) -> Tensor:\n>       return F.linear(input, self.weight, self.bias)\nE       RuntimeError: mat1 and mat2 shapes cannot be multiplied (10x5 and 7x128)\n\nC:\\Users\\l3unu\\AppData\\Local\\Programs\\Python\\Python311\\Lib\\site-packages\\torch\\nn\\modules\\linear.py:125: RuntimeError"}, "teardown": {"duration": 0.0005782000080216676, "outcome": "passed"}}, {"nodeid": "test_arthen_comprehensive.py::TestARTHENStandardLibrary::test_stdlib_crosschain_ai", "lineno": 346, "outcome": "failed", "keywords": ["test_stdlib_crosschain_ai", "TestARTHENStandardLibrary", "test_arthen_comprehensive.py", "tests"], "setup": {"duration": 0.00036520001594908535, "outcome": "passed"}, "call": {"duration": 0.005562600010307506, "outcome": "failed", "crash": {"path": "R:\\ARTHEN-LANG\\tests\\test_arthen_comprehensive.py", "lineno": 357, "message": "TypeError: ARTHENCompleteStandardLibrary.intelligent_bridge_routing() missing 2 required positional arguments: 'dest_chain' and 'asset_amount'"}, "traceback": [{"path": "tests\\test_arthen_comprehensive.py", "lineno": 357, "message": "TypeError"}], "longrepr": "self = <test_arthen_comprehensive.TestARTHENStandardLibrary testMethod=test_stdlib_crosschain_ai>\n\n    def test_stdlib_crosschain_ai(self):\n        \"\"\"Test standard library cross-chain AI functions\"\"\"\n        # Test intelligent_bridge_routing\n        bridge_request = {\n            'source_chain': 'ethereum',\n            'target_chain': 'solana',\n            'amount': 1000.0,\n            'token_type': 'ERC20'\n        }\n    \n>       routing_result = self.stdlib.intelligent_bridge_routing(bridge_request)\nE       TypeError: ARTHENCompleteStandardLibrary.intelligent_bridge_routing() missing 2 required positional arguments: 'dest_chain' and 'asset_amount'\n\ntests\\test_arthen_comprehensive.py:357: TypeError"}, "teardown": {"duration": 0.00040580000495538116, "outcome": "passed"}}, {"nodeid": "test_arthen_comprehensive.py::TestARTHENStandardLibrary::test_stdlib_performance_ai", "lineno": 393, "outcome": "failed", "keywords": ["test_stdlib_performance_ai", "TestARTHENStandardLibrary", "test_arthen_comprehensive.py", "tests"], "setup": {"duration": 0.0005038999952375889, "outcome": "passed"}, "call": {"duration": 0.0033457999816164374, "outcome": "failed", "crash": {"path": "R:\\ARTHEN-LANG\\tests\\test_arthen_comprehensive.py", "lineno": 406, "message": "TypeError: ARTHENCompleteStandardLibrary.ml_gas_optimization() missing 1 required positional argument: 'platform'"}, "traceback": [{"path": "tests\\test_arthen_comprehensive.py", "lineno": 406, "message": "TypeError"}], "longrepr": "self = <test_arthen_comprehensive.TestARTHENStandardLibrary testMethod=test_stdlib_performance_ai>\n\n    def test_stdlib_performance_ai(self):\n        \"\"\"Test standard library performance AI functions\"\"\"\n        # Test ml_gas_optimization\n        contract_code = {\n            'functions': [\n                {'name': 'transfer', 'gas_estimate': 21000},\n                {'name': 'approve', 'gas_estimate': 46000}\n            ],\n            'storage_operations': 5,\n            'computation_complexity': 'medium'\n        }\n    \n>       gas_result = self.stdlib.ml_gas_optimization(contract_code)\nE       TypeError: ARTHENCompleteStandardLibrary.ml_gas_optimization() missing 1 required positional argument: 'platform'\n\ntests\\test_arthen_comprehensive.py:406: TypeError"}, "teardown": {"duration": 0.0007756999984849244, "outcome": "passed"}}, {"nodeid": "test_arthen_comprehensive.py::TestARTHENAISyntax::test_ai_symbol_parsing", "lineno": 515, "outcome": "failed", "keywords": ["test_ai_symbol_parsing", "TestARTHENAISyntax", "test_arthen_comprehensive.py", "tests"], "setup": {"duration": 0.0006316000071819872, "outcome": "passed"}, "call": {"duration": 1.3300520000047982, "outcome": "failed", "crash": {"path": "C:\\Users\\l3unu\\AppData\\Local\\Programs\\Python\\Python311\\Lib\\unittest\\case.py", "lineno": 715, "message": "AssertionError: False is not true"}, "traceback": [{"path": "tests\\test_arthen_comprehensive.py", "lineno": 533, "message": "AssertionError"}], "longrepr": "self = <test_arthen_comprehensive.TestARTHENAISyntax testMethod=test_ai_symbol_parsing>\n\n    def test_ai_symbol_parsing(self):\n        \"\"\"Test AI symbol parsing (\u2206\u2207\u27e8\u27e9)\"\"\"\n        lexer = AIOptimizedLexer()\n    \n        ai_syntax_samples = [\n            \"\u2206\u2207\u27e8blockchain_contract\u27e9\",\n            \"\u2206ml_consensus: harmony_all_types\",\n            \"\u2207neural_network.train(validator_behavior)\",\n            \"\u2206tensor\u27e8u256\u27e9 blockchain_state\"\n        ]\n    \n        for sample in ai_syntax_samples:\n            tokens = lexer.tokenize(sample)\n            self.assertGreater(len(tokens), 0)\n    \n            # Check for AI-specific token types\n            token_types = [token.get('type') for token in tokens]\n>           self.assertTrue(any('AI_' in token_type for token_type in token_types))\nE           AssertionError: False is not true\n\ntests\\test_arthen_comprehensive.py:533: AssertionError"}, "teardown": {"duration": 0.000597700010985136, "outcome": "passed"}}, {"nodeid": "test_arthen_comprehensive.py::TestARTHENAISyntax::test_consensus_harmony_syntax", "lineno": 549, "outcome": "passed", "keywords": ["test_consensus_harmony_syntax", "TestARTHENAISyntax", "test_arthen_comprehensive.py", "tests"], "setup": {"duration": 0.0007076000038068742, "outcome": "passed"}, "call": {"duration": 2.658158899983391, "outcome": "passed"}, "teardown": {"duration": 0.0005787000118289143, "outcome": "passed"}}, {"nodeid": "test_arthen_comprehensive.py::TestARTHENAISyntax::test_ml_data_types", "lineno": 534, "outcome": "passed", "keywords": ["test_ml_data_types", "TestARTHENAISyntax", "test_arthen_comprehensive.py", "tests"], "setup": {"duration": 0.0005950999911874533, "outcome": "passed"}, "call": {"duration": 1.3101936999883037, "outcome": "passed"}, "teardown": {"duration": 0.0007855000148992985, "outcome": "passed"}}, {"nodeid": "test_arthen_comprehensive.py::TestARTHENIntegration::test_ai_capabilities_demonstration", "lineno": 621, "outcome": "passed", "keywords": ["test_ai_capabilities_demonstration", "TestARTHENIntegration", "test_arthen_comprehensive.py", "tests"], "setup": {"duration": 0.0006994000286795199, "outcome": "passed"}, "call": {"duration": 2.167281300004106, "outcome": "passed"}, "teardown": {"duration": 0.00035230000503361225, "outcome": "passed"}}, {"nodeid": "test_arthen_comprehensive.py::TestARTHENIntegration::test_end_to_end_compilation", "lineno": 578, "outcome": "failed", "keywords": ["test_end_to_end_compilation", "TestARTHENIntegration", "test_arthen_comprehensive.py", "tests"], "setup": {"duration": 0.00040520000038668513, "outcome": "passed"}, "call": {"duration": 2.179090699995868, "outcome": "failed", "crash": {"path": "R:\\ARTHEN-LANG\\tests\\test_arthen_comprehensive.py", "lineno": 603, "message": "TypeError: CompilationConfig.__init__() got an unexpected keyword argument 'target'"}, "traceback": [{"path": "tests\\test_arthen_comprehensive.py", "lineno": 603, "message": "TypeError"}], "longrepr": "self = <test_arthen_comprehensive.TestARTHENIntegration testMethod=test_end_to_end_compilation>\n\n    def test_end_to_end_compilation(self):\n        \"\"\"Test end-to-end compilation with standard library integration\"\"\"\n        arthen_code = \"\"\"\n        \u2206\u2207\u27e8ai_defi_contract\u27e9 {\n            \u2206ml_consensus: harmony_all_types,\n            \u2206target_chains: [ethereum, solana, cosmos],\n            \u2206ai_optimization_level: maximum\n        }\n    \n        \u2207\u27e8liquidity_pool\u27e9 {\n            \u2206ml_price_oracle\u27e8asset_pair\u27e9 -> \u2206price_prediction {\n                \u2207neural_network.predict(market_data);\n                \u2207ai_optimizer.calculate(optimal_price);\n                return \u2206harmonized_price;\n            }\n    \n            \u2206ai_risk_assessment\u27e8pool_state\u27e9 -> \u2206risk_score {\n                \u2207ml_analyzer.evaluate(liquidity_metrics);\n                \u2207security_ai.scan(potential_vulnerabilities);\n                return \u2206comprehensive_risk_analysis;\n            }\n        }\n        \"\"\"\n    \n>       config = CompilationConfig(\n            target=BlockchainTarget.ETHEREUM,\n            optimization_level=\"maximum\",\n            ai_enhancement=True,\n            security_analysis=True\n        )\nE       TypeError: CompilationConfig.__init__() got an unexpected keyword argument 'target'\n\ntests\\test_arthen_comprehensive.py:603: TypeError"}, "teardown": {"duration": 0.0005721999914385378, "outcome": "passed"}}, {"nodeid": "test_arthen_comprehensive.py::TestARTHENIntegration::test_multi_chain_compilation", "lineno": 636, "outcome": "failed", "keywords": ["test_multi_chain_compilation", "TestARTHENIntegration", "test_arthen_comprehensive.py", "tests"], "setup": {"duration": 0.0005761999927926809, "outcome": "passed"}, "call": {"duration": 2.382235600001877, "outcome": "failed", "crash": {"path": "R:\\ARTHEN-LANG\\tests\\test_arthen_comprehensive.py", "lineno": 654, "message": "TypeError: CompilationConfig.__init__() got an unexpected keyword argument 'target'"}, "traceback": [{"path": "tests\\test_arthen_comprehensive.py", "lineno": 654, "message": "TypeError"}], "longrepr": "self = <test_arthen_comprehensive.TestARTHENIntegration testMethod=test_multi_chain_compilation>\n\n    def test_multi_chain_compilation(self):\n        \"\"\"Test compilation for multiple blockchain targets\"\"\"\n        simple_contract = \"\"\"\n        \u2206\u2207\u27e8multi_chain_contract\u27e9 {\n            \u2206ml_consensus: harmony_all_types,\n            \u2206ai_optimization_level: maximum\n        }\n        \"\"\"\n    \n        targets = [\n            BlockchainTarget.ETHEREUM,\n            BlockchainTarget.SOLANA,\n            BlockchainTarget.COSMOS,\n            BlockchainTarget.POLKADOT\n        ]\n    \n        for target in targets:\n>           config = CompilationConfig(\n                target=target,\n                optimization_level=\"maximum\",\n                ai_enhancement=True\n            )\nE           TypeError: CompilationConfig.__init__() got an unexpected keyword argument 'target'\n\ntests\\test_arthen_comprehensive.py:654: TypeError"}, "teardown": {"duration": 0.011967899976298213, "outcome": "passed"}}, {"nodeid": "test_arthen_comprehensive.py::TestARTHENPerformance::test_compilation_performance", "lineno": 668, "outcome": "failed", "keywords": ["test_compilation_performance", "TestARTHENPerformance", "test_arthen_comprehensive.py", "tests"], "setup": {"duration": 0.0005930000043008476, "outcome": "passed"}, "call": {"duration": 0.0005338999908417463, "outcome": "failed", "crash": {"path": "R:\\ARTHEN-LANG\\tests\\test_arthen_comprehensive.py", "lineno": 674, "message": "TypeError: CompilationConfig.__init__() got an unexpected keyword argument 'target'"}, "traceback": [{"path": "tests\\test_arthen_comprehensive.py", "lineno": 674, "message": "TypeError"}], "longrepr": "self = <test_arthen_comprehensive.TestARTHENPerformance testMethod=test_compilation_performance>\n\n    def test_compilation_performance(self):\n        \"\"\"Test compilation performance with large code\"\"\"\n        # Generate large ARTHEN code for performance testing\n        large_code = self._generate_large_arthen_code(100)  # 100 functions\n    \n>       config = CompilationConfig(\n            target=BlockchainTarget.ETHEREUM,\n            optimization_level=\"maximum\"\n        )\nE       TypeError: CompilationConfig.__init__() got an unexpected keyword argument 'target'\n\ntests\\test_arthen_comprehensive.py:674: TypeError"}, "teardown": {"duration": 0.00043909999658353627, "outcome": "passed"}}, {"nodeid": "test_arthen_comprehensive.py::TestARTHENPerformance::test_stdlib_performance", "lineno": 688, "outcome": "passed", "keywords": ["test_stdlib_performance", "TestARTHENPerformance", "test_arthen_comprehensive.py", "tests"], "setup": {"duration": 0.0004411999834701419, "outcome": "passed"}, "call": {"duration": 0.03993989998707548, "outcome": "passed"}, "teardown": {"duration": 0.0004310999938752502, "outcome": "passed"}}], "warnings": [{"message": "enable_nested_tensor is True, but self.use_nested_tensor is False because encoder_layer.self_attn.batch_first was not True(use batch_first for better inference performance)", "category": "UserWarning", "when": "runtest", "filename": "C:\\Users\\l3unu\\AppData\\Local\\Programs\\Python\\Python311\\Lib\\site-packages\\torch\\nn\\modules\\transformer.py", "lineno": 392}, {"message": "enable_nested_tensor is True, but self.use_nested_tensor is False because encoder_layer.self_attn.batch_first was not True(use batch_first for better inference performance)", "category": "UserWarning", "when": "runtest", "filename": "C:\\Users\\l3unu\\AppData\\Local\\Programs\\Python\\Python311\\Lib\\site-packages\\torch\\nn\\modules\\transformer.py", "lineno": 392}, {"message": "enable_nested_tensor is True, but self.use_nested_tensor is False because encoder_layer.self_attn.batch_first was not True(use batch_first for better inference performance)", "category": "UserWarning", "when": "runtest", "filename": "C:\\Users\\l3unu\\AppData\\Local\\Programs\\Python\\Python311\\Lib\\site-packages\\torch\\nn\\modules\\transformer.py", "lineno": 392}, {"message": "enable_nested_tensor is True, but self.use_nested_tensor is False because encoder_layer.self_attn.batch_first was not True(use batch_first for better inference performance)", "category": "UserWarning", "when": "runtest", "filename": "C:\\Users\\l3unu\\AppData\\Local\\Programs\\Python\\Python311\\Lib\\site-packages\\torch\\nn\\modules\\transformer.py", "lineno": 392}, {"message": "enable_nested_tensor is True, but self.use_nested_tensor is False because encoder_layer.self_attn.batch_first was not True(use batch_first for better inference performance)", "category": "UserWarning", "when": "runtest", "filename": "C:\\Users\\l3unu\\AppData\\Local\\Programs\\Python\\Python311\\Lib\\site-packages\\torch\\nn\\modules\\transformer.py", "lineno": 392}, {"message": "enable_nested_tensor is True, but self.use_nested_tensor is False because encoder_layer.self_attn.batch_first was not True(use batch_first for better inference performance)", "category": "UserWarning", "when": "runtest", "filename": "C:\\Users\\l3unu\\AppData\\Local\\Programs\\Python\\Python311\\Lib\\site-packages\\torch\\nn\\modules\\transformer.py", "lineno": 392}, {"message": "enable_nested_tensor is True, but self.use_nested_tensor is False because encoder_layer.self_attn.batch_first was not True(use batch_first for better inference performance)", "category": "UserWarning", "when": "runtest", "filename": "C:\\Users\\l3unu\\AppData\\Local\\Programs\\Python\\Python311\\Lib\\site-packages\\torch\\nn\\modules\\transformer.py", "lineno": 392}, {"message": "enable_nested_tensor is True, but self.use_nested_tensor is False because encoder_layer.self_attn.batch_first was not True(use batch_first for better inference performance)", "category": "UserWarning", "when": "runtest", "filename": "C:\\Users\\l3unu\\AppData\\Local\\Programs\\Python\\Python311\\Lib\\site-packages\\torch\\nn\\modules\\transformer.py", "lineno": 392}, {"message": "Converting a tensor with requires_grad=True to a scalar may lead to unexpected behavior.\nConsider using tensor.detach() first. (Triggered internally at C:\\actions-runner\\_work\\pytorch\\pytorch\\pytorch\\torch\\csrc\\autograd\\generated\\python_variable_methods.cpp:836.)", "category": "UserWarning", "when": "runtest", "filename": "R:\\ARTHEN-LANG\\tests\\..\\compiler\\arthen_compiler_architecture.py", "lineno": 196}, {"message": "enable_nested_tensor is True, but self.use_nested_tensor is False because encoder_layer.self_attn.batch_first was not True(use batch_first for better inference performance)", "category": "UserWarning", "when": "runtest", "filename": "C:\\Users\\l3unu\\AppData\\Local\\Programs\\Python\\Python311\\Lib\\site-packages\\torch\\nn\\modules\\transformer.py", "lineno": 392}, {"message": "enable_nested_tensor is True, but self.use_nested_tensor is False because encoder_layer.self_attn.batch_first was not True(use batch_first for better inference performance)", "category": "UserWarning", "when": "runtest", "filename": "C:\\Users\\l3unu\\AppData\\Local\\Programs\\Python\\Python311\\Lib\\site-packages\\torch\\nn\\modules\\transformer.py", "lineno": 392}, {"message": "enable_nested_tensor is True, but self.use_nested_tensor is False because encoder_layer.self_attn.batch_first was not True(use batch_first for better inference performance)", "category": "UserWarning", "when": "runtest", "filename": "C:\\Users\\l3unu\\AppData\\Local\\Programs\\Python\\Python311\\Lib\\site-packages\\torch\\nn\\modules\\transformer.py", "lineno": 392}, {"message": "enable_nested_tensor is True, but self.use_nested_tensor is False because encoder_layer.self_attn.batch_first was not True(use batch_first for better inference performance)", "category": "UserWarning", "when": "runtest", "filename": "C:\\Users\\l3unu\\AppData\\Local\\Programs\\Python\\Python311\\Lib\\site-packages\\torch\\nn\\modules\\transformer.py", "lineno": 392}]}